[0.449s] Invoking command in '/home/phom/Projects/sensorPlatform/src/sensor_platform': DEBUGINFOD_URLS=https://debuginfod.archlinux.org PYTHONPATH=/home/phom/Projects/sensorPlatform/build/sensor_platform/prefix_override:/usr/lib/python3/dist-packages/colcon_core/task/python/colcon_distutils_commands:/home/phom/Projects/sensorPlatform/install/sensor_platform/lib/python3.10/site-packages:${PYTHONPATH} /usr/bin/python3 -W ignore:setup.py install is deprecated -W ignore:easy_install command is deprecated setup.py egg_info --egg-base ../../build/sensor_platform build --build-base /home/phom/Projects/sensorPlatform/build/sensor_platform/build install --record /home/phom/Projects/sensorPlatform/build/sensor_platform/install.log --single-version-externally-managed install_data
[0.555s] running egg_info
[0.555s] writing ../../build/sensor_platform/sensor_platform.egg-info/PKG-INFO
[0.555s] writing dependency_links to ../../build/sensor_platform/sensor_platform.egg-info/dependency_links.txt
[0.555s] writing entry points to ../../build/sensor_platform/sensor_platform.egg-info/entry_points.txt
[0.555s] writing requirements to ../../build/sensor_platform/sensor_platform.egg-info/requires.txt
[0.556s] writing top-level names to ../../build/sensor_platform/sensor_platform.egg-info/top_level.txt
[0.556s] reading manifest file '../../build/sensor_platform/sensor_platform.egg-info/SOURCES.txt'
[0.557s] writing manifest file '../../build/sensor_platform/sensor_platform.egg-info/SOURCES.txt'
[0.557s] running build
[0.557s] running build_py
[0.557s] running install
[0.557s] running install_lib
[0.558s] running install_data
[0.558s] running install_egg_info
[0.559s] removing '/home/phom/Projects/sensorPlatform/install/sensor_platform/lib/python3.10/site-packages/sensor_platform-0.0.0-py3.10.egg-info' (and everything under it)
[0.559s] Copying ../../build/sensor_platform/sensor_platform.egg-info to /home/phom/Projects/sensorPlatform/install/sensor_platform/lib/python3.10/site-packages/sensor_platform-0.0.0-py3.10.egg-info
[0.559s] running install_scripts
[0.569s] writing list of installed files to '/home/phom/Projects/sensorPlatform/build/sensor_platform/install.log'
[0.585s] Invoked command in '/home/phom/Projects/sensorPlatform/src/sensor_platform' returned '0': DEBUGINFOD_URLS=https://debuginfod.archlinux.org PYTHONPATH=/home/phom/Projects/sensorPlatform/build/sensor_platform/prefix_override:/usr/lib/python3/dist-packages/colcon_core/task/python/colcon_distutils_commands:/home/phom/Projects/sensorPlatform/install/sensor_platform/lib/python3.10/site-packages:${PYTHONPATH} /usr/bin/python3 -W ignore:setup.py install is deprecated -W ignore:easy_install command is deprecated setup.py egg_info --egg-base ../../build/sensor_platform build --build-base /home/phom/Projects/sensorPlatform/build/sensor_platform/build install --record /home/phom/Projects/sensorPlatform/build/sensor_platform/install.log --single-version-externally-managed install_data
