running egg_info
creating ../../build/sensor_platform/sensor_platform.egg-info
writing ../../build/sensor_platform/sensor_platform.egg-info/PKG-INFO
writing dependency_links to ../../build/sensor_platform/sensor_platform.egg-info/dependency_links.txt
writing entry points to ../../build/sensor_platform/sensor_platform.egg-info/entry_points.txt
writing requirements to ../../build/sensor_platform/sensor_platform.egg-info/requires.txt
writing top-level names to ../../build/sensor_platform/sensor_platform.egg-info/top_level.txt
writing manifest file '../../build/sensor_platform/sensor_platform.egg-info/SOURCES.txt'
reading manifest file '../../build/sensor_platform/sensor_platform.egg-info/SOURCES.txt'
writing manifest file '../../build/sensor_platform/sensor_platform.egg-info/SOURCES.txt'
running build
running build_py
creating /home/phom/Projects/sensorPlatform/build/sensor_platform/build
creating /home/phom/Projects/sensorPlatform/build/sensor_platform/build/lib
creating /home/phom/Projects/sensorPlatform/build/sensor_platform/build/lib/sensor_platform
copying sensor_platform/__init__.py -> /home/phom/Projects/sensorPlatform/build/sensor_platform/build/lib/sensor_platform
running install
running install_lib
creating /home/phom/Projects/sensorPlatform/install/sensor_platform/lib/python3.10/site-packages/sensor_platform
copying /home/phom/Projects/sensorPlatform/build/sensor_platform/build/lib/sensor_platform/__init__.py -> /home/phom/Projects/sensorPlatform/install/sensor_platform/lib/python3.10/site-packages/sensor_platform
byte-compiling /home/phom/Projects/sensorPlatform/install/sensor_platform/lib/python3.10/site-packages/sensor_platform/__init__.py to __init__.cpython-310.pyc
running install_data
creating /home/phom/Projects/sensorPlatform/install/sensor_platform/share/ament_index
creating /home/phom/Projects/sensorPlatform/install/sensor_platform/share/ament_index/resource_index
creating /home/phom/Projects/sensorPlatform/install/sensor_platform/share/ament_index/resource_index/packages
copying resource/sensor_platform -> /home/phom/Projects/sensorPlatform/install/sensor_platform/share/ament_index/resource_index/packages
copying package.xml -> /home/phom/Projects/sensorPlatform/install/sensor_platform/share/sensor_platform
running install_egg_info
Copying ../../build/sensor_platform/sensor_platform.egg-info to /home/phom/Projects/sensorPlatform/install/sensor_platform/lib/python3.10/site-packages/sensor_platform-0.0.0-py3.10.egg-info
running install_scripts
writing list of installed files to '/home/phom/Projects/sensorPlatform/build/sensor_platform/install.log'
