[0.000000] (-) TimerEvent: {}
[0.000841] (sensor_platform) JobQueued: {'identifier': 'sensor_platform', 'dependencies': OrderedDict()}
[0.000904] (unitree_lidar_ros2) JobQueued: {'identifier': 'unitree_lidar_ros2', 'dependencies': OrderedDict()}
[0.000931] (unitree_lidar_sdk) JobQueued: {'identifier': 'unitree_lidar_sdk', 'dependencies': OrderedDict()}
[0.000952] (sensor_platform) JobStarted: {'identifier': 'sensor_platform'}
[0.008967] (unitree_lidar_ros2) JobStarted: {'identifier': 'unitree_lidar_ros2'}
[0.013685] (unitree_lidar_sdk) JobStarted: {'identifier': 'unitree_lidar_sdk'}
[0.099710] (-) TimerEvent: {}
[0.200140] (-) TimerEvent: {}
[0.221053] (unitree_lidar_ros2) JobProgress: {'identifier': 'unitree_lidar_ros2', 'progress': 'cmake'}
[0.221770] (unitree_lidar_ros2) JobProgress: {'identifier': 'unitree_lidar_ros2', 'progress': 'build'}
[0.222497] (unitree_lidar_ros2) Command: {'cmd': ['/usr/bin/cmake', '--build', '/home/phom/Projects/sensorPlatform/build/unitree_lidar_ros2', '--', '-j12', '-l12'], 'cwd': '/home/phom/Projects/sensorPlatform/build/unitree_lidar_ros2', 'env': OrderedDict([('IGN_IP', '127.0.0.1'), ('TMUX', '/tmp/tmux-1000/default,203439,0'), ('MAIL', '/var/spool/mail/phom'), ('GHOSTTY_RESOURCES_DIR', '/usr/share/ghostty'), ('LC_TIME', 'en_US.UTF-8'), ('USER', 'phom'), ('HOSTNAME', 'princeden-laptop13'), ('XDG_SESSION_TYPE', 'wayland'), ('BROWSER', 'firefox'), ('LD_LIBRARY_PATH', '/usr/lib/x86_64-linux-gnu/gazebo-11/plugins:/opt/ros/humble/opt/rviz_ogre_vendor/lib:/opt/ros/humble/lib/x86_64-linux-gnu:/opt/ros/humble/lib'), ('SHLVL', '5'), ('XCURSOR_SIZE', '24'), ('XDG_CACHE_HOME', '/home/phom/.cache'), ('HOME', '/home/phom'), ('MOTD_SHOWN', 'pam'), ('OLDPWD', '/home/phom/Projects/sensorPlatform/src'), ('SWAYSOCK', '/run/user/1000/sway-ipc.1000.1214.sock'), ('TERMINFO', '/usr/share/terminfo'), ('CAML_LD_LIBRARY_PATH', '/home/phom/.opam/cs3110-2026sp/lib/stublibs:/home/phom/.opam/cs3110-2026sp/lib/ocaml/stublibs:/home/phom/.opam/cs3110-2026sp/lib/ocaml'), ('NVM_BIN', '/home/phom/.nvm/versions/node/v25.9.0/bin'), ('TERM_PROGRAM_VERSION', '3.2a'), ('NVM_INC', '/home/phom/.nvm/versions/node/v25.9.0/include/node'), ('OCAML_TOPLEVEL_PATH', '/home/phom/.opam/cs3110-2026sp/lib/toplevel'), ('ROS_PYTHON_VERSION', '3'), ('LC_MONETARY', 'en_US.UTF-8'), ('DBUS_SESSION_BUS_ADDRESS', 'unix:path=/run/user/1000/bus'), ('DISTROBOX_ENTER_PATH', '/usr/sbin/distrobox-enter'), ('P9K_TTY', 'old'), ('SYSTEMD_EXEC_PID', '735'), ('XDG_STATE_HOME', '/home/phom/.local/state'), ('COLORTERM', 'truecolor'), ('container', 'sudo docker'), ('DEBUGINFOD_URLS', 'https://debuginfod.archlinux.org'), ('NVM_DIR', '/home/phom/.nvm'), ('ZPFX', '/home/phom/.local/share/zinit/polaris'), ('_colcon_cd_root', '/opt/ros/humble/'), ('ROS_DISTRO', 'humble'), ('WAYLAND_DISPLAY', 'wayland-1'), ('LOGNAME', 'phom'), ('_', '/usr/bin/colcon'), ('_P9K_SSH_TTY', '/dev/pts/3'), ('MEMORY_PRESSURE_WATCH', '/sys/fs/cgroup/system.slice/system-ly.slice/ly@tty2.service/memory.pressure'), ('ROS_VERSION', '2'), ('TERMINFO_DIRS', '/usr/share/terminfo:/run/host/usr/share/terminfo'), ('XDG_SESSION_CLASS', 'user'), ('TERM', 'screen'), ('XDG_SESSION_ID', 'c1'), ('ROS_LOCALHOST_ONLY', '0'), ('PMSPEC', '0uUpiPsf'), ('ZSH_CACHE_DIR', '/home/phom/.cache/zinit'), ('PATH', '/home/phom/.local/bin:/home/phom/.opam/cs3110-2026sp/bin:/home/phom/.nvm/versions/node/v24.13.0/lib/node_modules/npm/bin:/home/phom/.local/bin:/opt/ros/humble/bin:/home/phom/.opam/cs3110-2026sp/bin:/home/phom/.nvm/versions/node/v24.13.0/lib/node_modules/npm/bin:/home/phom/.opam/cs3110-2026sp/bin:/home/phom/.local/share/../bin:/home/phom/.local/bin:/home/phom/.cabal/bin:/home/phom/.ghcup/bin:/home/phom/.local/share/zinit/polaris/bin:/home/phom/.nvm/versions/node/v24.13.0/lib/node_modules/npm/bin:/home/phom/.opam/cs3110-2026sp/bin:/home/phom/.nvm/versions/node/v25.9.0/bin:/home/phom/.cargo/bin:/usr/local/sbin:/usr/sbin:/usr/local/bin:/usr/bin:/sbin:/bin:/var/lib/flatpak/exports/bin:/usr/lib/jvm/default/bin:/usr/bin/site_perl:/usr/bin/vendor_perl:/usr/bin/core_perl:/home/phom/go/bin:/home/phom/.spicetify:/opt/nvim-linux-x86_64/bin:/usr/local/sbin:/usr/sbin:/usr/local/bin:/usr/bin:/sbin:/bin:/bin:/home/phom/.spicetify:/opt/nvim-linux-x86_64/bin:/opt/nvim-linux-x86_64/bin:/bin:/home/phom/.spicetify:/opt/nvim-linux-x86_64/bin:/opt/nvim-linux-x86_64/bin'), ('LC_ADDRESS', 'en_US.UTF-8'), ('XDG_RUNTIME_DIR', '/run/user/1000'), ('DISPLAY', ':0'), ('GHOSTTY_SHELL_FEATURES', 'cursor:blink,path,ssh-env,ssh-terminfo,title'), ('LANG', 'en_US.UTF-8'), ('LC_TELEPHONE', 'en_US.UTF-8'), ('XDG_CURRENT_DESKTOP', 'sway:wlroots:swayfx'), ('TERM_PROGRAM', 'tmux'), ('XDG_CONFIG_HOME', '/home/phom/.config'), ('XDG_DATA_HOME', '/home/phom/.local/share'), ('XDG_SESSION_DESKTOP', 'sway'), ('AMENT_PREFIX_PATH', '/opt/ros/humble'), ('OPAMNOENVNOTICE', 'true'), ('GHOSTTY_BIN_DIR', '/usr/bin'), ('LC_NAME', 'en_US.UTF-8'), ('SHELL', '/usr/bin/zsh'), ('LC_MEASUREMENT', 'en_US.UTF-8'), ('LC_IDENTIFICATION', 'en_US.UTF-8'), ('OCAMLTOP_INCLUDE_PATH', '/home/phom/.opam/cs3110-2026sp/lib/toplevel:/home/phom/.opam/cs3110-2026sp/lib/toplevel:/home/phom/.opam/cs3110-2026sp/lib/toplevel:/home/phom/.opam/cs3110-2026sp/lib/toplevel'), ('OPAM_SWITCH_PREFIX', '/home/phom/.opam/cs3110-2026sp'), ('VSSCRIPT_PATH', '/usr/lib/python3.14/site-packages/vapoursynth/libvsscript.so'), ('P9K_SSH', '0'), ('CONTAINER_ID', 'humble'), ('PWD', '/home/phom/Projects/sensorPlatform/build/unitree_lidar_ros2'), ('NVM_CD_FLAGS', '-q'), ('OPAM_LAST_ENV', '/home/phom/.opam/.last-env/env-2b5df78de92f4046bda1f23ecf6676ba-0'), ('XDG_CONFIG_DIRS', '/etc/xdg'), ('XDG_DATA_DIRS', '/home/phom/.local/share/flatpak/exports/share:/var/lib/flatpak/exports/share:/usr/local/share/:/usr/share/:/usr/local/share:/usr/share'), ('_P9K_TTY', '/dev/pts/3'), ('LC_NUMERIC', 'en_US.UTF-8'), ('PYTHONPATH', '/opt/ros/humble/lib/python3.10/site-packages:/opt/ros/humble/local/lib/python3.10/dist-packages'), ('I3SOCK', '/run/user/1000/sway-ipc.1000.1214.sock'), ('LC_PAPER', 'en_US.UTF-8'), ('TMUX_PLUGIN_MANAGER_PATH', '/home/phom/.tmux/plugins/'), ('COLCON', '1'), ('MANPATH', '/home/phom/.nvm/versions/node/v25.9.0/share/man::/home/phom/.opam/cs3110-2026sp/man:/home/phom/.opam/cs3110-2026sp/man:/home/phom/.opam/cs3110-2026sp/man:/home/phom/.opam/cs3110-2026sp/man'), ('MEMORY_PRESSURE_WRITE', 'c29tZSAyMDAwMDAgMjAwMDAwMAA='), ('TMUX_PANE', '%2'), ('EDITOR', 'nvim'), ('CMAKE_PREFIX_PATH', '/opt/ros/humble')]), 'shell': False}
[0.225771] (unitree_lidar_sdk) JobProgress: {'identifier': 'unitree_lidar_sdk', 'progress': 'cmake'}
[0.226119] (unitree_lidar_sdk) JobProgress: {'identifier': 'unitree_lidar_sdk', 'progress': 'build'}
[0.226385] (unitree_lidar_sdk) Command: {'cmd': ['/usr/bin/cmake', '--build', '/home/phom/Projects/sensorPlatform/build/unitree_lidar_sdk', '--', '-j12', '-l12'], 'cwd': '/home/phom/Projects/sensorPlatform/build/unitree_lidar_sdk', 'env': OrderedDict([('IGN_IP', '127.0.0.1'), ('TMUX', '/tmp/tmux-1000/default,203439,0'), ('MAIL', '/var/spool/mail/phom'), ('GHOSTTY_RESOURCES_DIR', '/usr/share/ghostty'), ('LC_TIME', 'en_US.UTF-8'), ('USER', 'phom'), ('HOSTNAME', 'princeden-laptop13'), ('XDG_SESSION_TYPE', 'wayland'), ('BROWSER', 'firefox'), ('LD_LIBRARY_PATH', '/usr/lib/x86_64-linux-gnu/gazebo-11/plugins:/opt/ros/humble/opt/rviz_ogre_vendor/lib:/opt/ros/humble/lib/x86_64-linux-gnu:/opt/ros/humble/lib'), ('SHLVL', '5'), ('XCURSOR_SIZE', '24'), ('XDG_CACHE_HOME', '/home/phom/.cache'), ('HOME', '/home/phom'), ('MOTD_SHOWN', 'pam'), ('OLDPWD', '/home/phom/Projects/sensorPlatform/src'), ('SWAYSOCK', '/run/user/1000/sway-ipc.1000.1214.sock'), ('TERMINFO', '/usr/share/terminfo'), ('CAML_LD_LIBRARY_PATH', '/home/phom/.opam/cs3110-2026sp/lib/stublibs:/home/phom/.opam/cs3110-2026sp/lib/ocaml/stublibs:/home/phom/.opam/cs3110-2026sp/lib/ocaml'), ('NVM_BIN', '/home/phom/.nvm/versions/node/v25.9.0/bin'), ('TERM_PROGRAM_VERSION', '3.2a'), ('NVM_INC', '/home/phom/.nvm/versions/node/v25.9.0/include/node'), ('OCAML_TOPLEVEL_PATH', '/home/phom/.opam/cs3110-2026sp/lib/toplevel'), ('ROS_PYTHON_VERSION', '3'), ('LC_MONETARY', 'en_US.UTF-8'), ('DBUS_SESSION_BUS_ADDRESS', 'unix:path=/run/user/1000/bus'), ('DISTROBOX_ENTER_PATH', '/usr/sbin/distrobox-enter'), ('P9K_TTY', 'old'), ('SYSTEMD_EXEC_PID', '735'), ('XDG_STATE_HOME', '/home/phom/.local/state'), ('COLORTERM', 'truecolor'), ('container', 'sudo docker'), ('DEBUGINFOD_URLS', 'https://debuginfod.archlinux.org'), ('NVM_DIR', '/home/phom/.nvm'), ('ZPFX', '/home/phom/.local/share/zinit/polaris'), ('_colcon_cd_root', '/opt/ros/humble/'), ('ROS_DISTRO', 'humble'), ('WAYLAND_DISPLAY', 'wayland-1'), ('LOGNAME', 'phom'), ('_', '/usr/bin/colcon'), ('_P9K_SSH_TTY', '/dev/pts/3'), ('MEMORY_PRESSURE_WATCH', '/sys/fs/cgroup/system.slice/system-ly.slice/ly@tty2.service/memory.pressure'), ('ROS_VERSION', '2'), ('TERMINFO_DIRS', '/usr/share/terminfo:/run/host/usr/share/terminfo'), ('XDG_SESSION_CLASS', 'user'), ('TERM', 'screen'), ('XDG_SESSION_ID', 'c1'), ('ROS_LOCALHOST_ONLY', '0'), ('PMSPEC', '0uUpiPsf'), ('ZSH_CACHE_DIR', '/home/phom/.cache/zinit'), ('PATH', '/home/phom/.local/bin:/home/phom/.opam/cs3110-2026sp/bin:/home/phom/.nvm/versions/node/v24.13.0/lib/node_modules/npm/bin:/home/phom/.local/bin:/opt/ros/humble/bin:/home/phom/.opam/cs3110-2026sp/bin:/home/phom/.nvm/versions/node/v24.13.0/lib/node_modules/npm/bin:/home/phom/.opam/cs3110-2026sp/bin:/home/phom/.local/share/../bin:/home/phom/.local/bin:/home/phom/.cabal/bin:/home/phom/.ghcup/bin:/home/phom/.local/share/zinit/polaris/bin:/home/phom/.nvm/versions/node/v24.13.0/lib/node_modules/npm/bin:/home/phom/.opam/cs3110-2026sp/bin:/home/phom/.nvm/versions/node/v25.9.0/bin:/home/phom/.cargo/bin:/usr/local/sbin:/usr/sbin:/usr/local/bin:/usr/bin:/sbin:/bin:/var/lib/flatpak/exports/bin:/usr/lib/jvm/default/bin:/usr/bin/site_perl:/usr/bin/vendor_perl:/usr/bin/core_perl:/home/phom/go/bin:/home/phom/.spicetify:/opt/nvim-linux-x86_64/bin:/usr/local/sbin:/usr/sbin:/usr/local/bin:/usr/bin:/sbin:/bin:/bin:/home/phom/.spicetify:/opt/nvim-linux-x86_64/bin:/opt/nvim-linux-x86_64/bin:/bin:/home/phom/.spicetify:/opt/nvim-linux-x86_64/bin:/opt/nvim-linux-x86_64/bin'), ('LC_ADDRESS', 'en_US.UTF-8'), ('XDG_RUNTIME_DIR', '/run/user/1000'), ('DISPLAY', ':0'), ('GHOSTTY_SHELL_FEATURES', 'cursor:blink,path,ssh-env,ssh-terminfo,title'), ('LANG', 'en_US.UTF-8'), ('LC_TELEPHONE', 'en_US.UTF-8'), ('XDG_CURRENT_DESKTOP', 'sway:wlroots:swayfx'), ('TERM_PROGRAM', 'tmux'), ('XDG_CONFIG_HOME', '/home/phom/.config'), ('XDG_DATA_HOME', '/home/phom/.local/share'), ('XDG_SESSION_DESKTOP', 'sway'), ('AMENT_PREFIX_PATH', '/opt/ros/humble'), ('OPAMNOENVNOTICE', 'true'), ('GHOSTTY_BIN_DIR', '/usr/bin'), ('LC_NAME', 'en_US.UTF-8'), ('SHELL', '/usr/bin/zsh'), ('LC_MEASUREMENT', 'en_US.UTF-8'), ('LC_IDENTIFICATION', 'en_US.UTF-8'), ('OCAMLTOP_INCLUDE_PATH', '/home/phom/.opam/cs3110-2026sp/lib/toplevel:/home/phom/.opam/cs3110-2026sp/lib/toplevel:/home/phom/.opam/cs3110-2026sp/lib/toplevel:/home/phom/.opam/cs3110-2026sp/lib/toplevel'), ('OPAM_SWITCH_PREFIX', '/home/phom/.opam/cs3110-2026sp'), ('VSSCRIPT_PATH', '/usr/lib/python3.14/site-packages/vapoursynth/libvsscript.so'), ('P9K_SSH', '0'), ('CONTAINER_ID', 'humble'), ('PWD', '/home/phom/Projects/sensorPlatform/build/unitree_lidar_sdk'), ('NVM_CD_FLAGS', '-q'), ('OPAM_LAST_ENV', '/home/phom/.opam/.last-env/env-2b5df78de92f4046bda1f23ecf6676ba-0'), ('XDG_CONFIG_DIRS', '/etc/xdg'), ('XDG_DATA_DIRS', '/home/phom/.local/share/flatpak/exports/share:/var/lib/flatpak/exports/share:/usr/local/share/:/usr/share/:/usr/local/share:/usr/share'), ('_P9K_TTY', '/dev/pts/3'), ('LC_NUMERIC', 'en_US.UTF-8'), ('PYTHONPATH', '/opt/ros/humble/lib/python3.10/site-packages:/opt/ros/humble/local/lib/python3.10/dist-packages'), ('I3SOCK', '/run/user/1000/sway-ipc.1000.1214.sock'), ('LC_PAPER', 'en_US.UTF-8'), ('TMUX_PLUGIN_MANAGER_PATH', '/home/phom/.tmux/plugins/'), ('COLCON', '1'), ('MANPATH', '/home/phom/.nvm/versions/node/v25.9.0/share/man::/home/phom/.opam/cs3110-2026sp/man:/home/phom/.opam/cs3110-2026sp/man:/home/phom/.opam/cs3110-2026sp/man:/home/phom/.opam/cs3110-2026sp/man'), ('MEMORY_PRESSURE_WRITE', 'c29tZSAyMDAwMDAgMjAwMDAwMAA='), ('TMUX_PANE', '%2'), ('EDITOR', 'nvim')]), 'shell': False}
[0.257843] (unitree_lidar_sdk) StdoutLine: {'line': b'\x1b[35m\x1b[1mConsolidate compiler generated dependencies of target example_lidar_udp\x1b[0m\n'}
[0.260191] (unitree_lidar_sdk) StdoutLine: {'line': b'\x1b[35m\x1b[1mConsolidate compiler generated dependencies of target set_to_serial_mode\x1b[0m\n'}
[0.260440] (unitree_lidar_sdk) StdoutLine: {'line': b'\x1b[35m\x1b[1mConsolidate compiler generated dependencies of target set_ip_address\x1b[0m\n'}
[0.261393] (unitree_lidar_sdk) StdoutLine: {'line': b'\x1b[35m\x1b[1mConsolidate compiler generated dependencies of target example_lidar_serial\x1b[0m\n'}
[0.261732] (unitree_lidar_sdk) StdoutLine: {'line': b'\x1b[35m\x1b[1mConsolidate compiler generated dependencies of target set_to_udp_mode\x1b[0m\n'}
[0.269403] (unitree_lidar_ros2) StdoutLine: {'line': b'[ 50%] \x1b[32mBuilding CXX object CMakeFiles/unitree_lidar_ros2_node.dir/src/unitree_lidar_ros2_node.cpp.o\x1b[0m\n'}
[0.269769] (unitree_lidar_sdk) StdoutLine: {'line': b'[ 20%] Built target set_to_serial_mode\n'}
[0.270312] (unitree_lidar_sdk) StdoutLine: {'line': b'[ 40%] Built target set_ip_address\n'}
[0.270430] (unitree_lidar_sdk) StdoutLine: {'line': b'[ 60%] Built target example_lidar_udp\n'}
[0.272194] (unitree_lidar_sdk) StdoutLine: {'line': b'[ 80%] Built target example_lidar_serial\n'}
[0.272339] (unitree_lidar_sdk) StdoutLine: {'line': b'[100%] Built target set_to_udp_mode\n'}
[0.280941] (unitree_lidar_sdk) CommandEnded: {'returncode': 0}
[0.287899] (unitree_lidar_sdk) JobEnded: {'identifier': 'unitree_lidar_sdk', 'rc': 0}
[0.300217] (-) TimerEvent: {}
[0.400487] (-) TimerEvent: {}
[0.448835] (sensor_platform) Command: {'cmd': ['/usr/bin/python3', '-W', 'ignore:setup.py install is deprecated', '-W', 'ignore:easy_install command is deprecated', 'setup.py', 'egg_info', '--egg-base', '../../build/sensor_platform', 'build', '--build-base', '/home/phom/Projects/sensorPlatform/build/sensor_platform/build', 'install', '--record', '/home/phom/Projects/sensorPlatform/build/sensor_platform/install.log', '--single-version-externally-managed', 'install_data'], 'cwd': '/home/phom/Projects/sensorPlatform/src/sensor_platform', 'env': {'IGN_IP': '127.0.0.1', 'TMUX': '/tmp/tmux-1000/default,203439,0', 'MAIL': '/var/spool/mail/phom', 'GHOSTTY_RESOURCES_DIR': '/usr/share/ghostty', 'LC_TIME': 'en_US.UTF-8', 'USER': 'phom', 'HOSTNAME': 'princeden-laptop13', 'XDG_SESSION_TYPE': 'wayland', 'BROWSER': 'firefox', 'LD_LIBRARY_PATH': '/usr/lib/x86_64-linux-gnu/gazebo-11/plugins:/opt/ros/humble/opt/rviz_ogre_vendor/lib:/opt/ros/humble/lib/x86_64-linux-gnu:/opt/ros/humble/lib', 'SHLVL': '5', 'XCURSOR_SIZE': '24', 'XDG_CACHE_HOME': '/home/phom/.cache', 'HOME': '/home/phom', 'MOTD_SHOWN': 'pam', 'OLDPWD': '/home/phom/Projects/sensorPlatform/src', 'SWAYSOCK': '/run/user/1000/sway-ipc.1000.1214.sock', 'TERMINFO': '/usr/share/terminfo', 'CAML_LD_LIBRARY_PATH': '/home/phom/.opam/cs3110-2026sp/lib/stublibs:/home/phom/.opam/cs3110-2026sp/lib/ocaml/stublibs:/home/phom/.opam/cs3110-2026sp/lib/ocaml', 'NVM_BIN': '/home/phom/.nvm/versions/node/v25.9.0/bin', 'TERM_PROGRAM_VERSION': '3.2a', 'NVM_INC': '/home/phom/.nvm/versions/node/v25.9.0/include/node', 'OCAML_TOPLEVEL_PATH': '/home/phom/.opam/cs3110-2026sp/lib/toplevel', 'ROS_PYTHON_VERSION': '3', 'LC_MONETARY': 'en_US.UTF-8', 'DBUS_SESSION_BUS_ADDRESS': 'unix:path=/run/user/1000/bus', 'DISTROBOX_ENTER_PATH': '/usr/sbin/distrobox-enter', 'P9K_TTY': 'old', 'SYSTEMD_EXEC_PID': '735', 'XDG_STATE_HOME': '/home/phom/.local/state', 'COLORTERM': 'truecolor', 'container': 'sudo docker', 'DEBUGINFOD_URLS': 'https://debuginfod.archlinux.org', 'NVM_DIR': '/home/phom/.nvm', 'ZPFX': '/home/phom/.local/share/zinit/polaris', '_colcon_cd_root': '/opt/ros/humble/', 'ROS_DISTRO': 'humble', 'WAYLAND_DISPLAY': 'wayland-1', 'LOGNAME': 'phom', '_': '/usr/bin/colcon', '_P9K_SSH_TTY': '/dev/pts/3', 'MEMORY_PRESSURE_WATCH': '/sys/fs/cgroup/system.slice/system-ly.slice/ly@tty2.service/memory.pressure', 'ROS_VERSION': '2', 'TERMINFO_DIRS': '/usr/share/terminfo:/run/host/usr/share/terminfo', 'XDG_SESSION_CLASS': 'user', 'TERM': 'screen', 'XDG_SESSION_ID': 'c1', 'ROS_LOCALHOST_ONLY': '0', 'PMSPEC': '0uUpiPsf', 'ZSH_CACHE_DIR': '/home/phom/.cache/zinit', 'PATH': '/home/phom/.local/bin:/home/phom/.opam/cs3110-2026sp/bin:/home/phom/.nvm/versions/node/v24.13.0/lib/node_modules/npm/bin:/home/phom/.local/bin:/opt/ros/humble/bin:/home/phom/.opam/cs3110-2026sp/bin:/home/phom/.nvm/versions/node/v24.13.0/lib/node_modules/npm/bin:/home/phom/.opam/cs3110-2026sp/bin:/home/phom/.local/share/../bin:/home/phom/.local/bin:/home/phom/.cabal/bin:/home/phom/.ghcup/bin:/home/phom/.local/share/zinit/polaris/bin:/home/phom/.nvm/versions/node/v24.13.0/lib/node_modules/npm/bin:/home/phom/.opam/cs3110-2026sp/bin:/home/phom/.nvm/versions/node/v25.9.0/bin:/home/phom/.cargo/bin:/usr/local/sbin:/usr/sbin:/usr/local/bin:/usr/bin:/sbin:/bin:/var/lib/flatpak/exports/bin:/usr/lib/jvm/default/bin:/usr/bin/site_perl:/usr/bin/vendor_perl:/usr/bin/core_perl:/home/phom/go/bin:/home/phom/.spicetify:/opt/nvim-linux-x86_64/bin:/usr/local/sbin:/usr/sbin:/usr/local/bin:/usr/bin:/sbin:/bin:/bin:/home/phom/.spicetify:/opt/nvim-linux-x86_64/bin:/opt/nvim-linux-x86_64/bin:/bin:/home/phom/.spicetify:/opt/nvim-linux-x86_64/bin:/opt/nvim-linux-x86_64/bin', 'LC_ADDRESS': 'en_US.UTF-8', 'XDG_RUNTIME_DIR': '/run/user/1000', 'DISPLAY': ':0', 'GHOSTTY_SHELL_FEATURES': 'cursor:blink,path,ssh-env,ssh-terminfo,title', 'LANG': 'en_US.UTF-8', 'LC_TELEPHONE': 'en_US.UTF-8', 'XDG_CURRENT_DESKTOP': 'sway:wlroots:swayfx', 'TERM_PROGRAM': 'tmux', 'XDG_CONFIG_HOME': '/home/phom/.config', 'XDG_DATA_HOME': '/home/phom/.local/share', 'XDG_SESSION_DESKTOP': 'sway', 'AMENT_PREFIX_PATH': '/opt/ros/humble', 'OPAMNOENVNOTICE': 'true', 'GHOSTTY_BIN_DIR': '/usr/bin', 'LC_NAME': 'en_US.UTF-8', 'SHELL': '/usr/bin/zsh', 'LC_MEASUREMENT': 'en_US.UTF-8', 'LC_IDENTIFICATION': 'en_US.UTF-8', 'OCAMLTOP_INCLUDE_PATH': '/home/phom/.opam/cs3110-2026sp/lib/toplevel:/home/phom/.opam/cs3110-2026sp/lib/toplevel:/home/phom/.opam/cs3110-2026sp/lib/toplevel:/home/phom/.opam/cs3110-2026sp/lib/toplevel', 'OPAM_SWITCH_PREFIX': '/home/phom/.opam/cs3110-2026sp', 'VSSCRIPT_PATH': '/usr/lib/python3.14/site-packages/vapoursynth/libvsscript.so', 'P9K_SSH': '0', 'CONTAINER_ID': 'humble', 'PWD': '/home/phom/Projects/sensorPlatform/build/sensor_platform', 'NVM_CD_FLAGS': '-q', 'OPAM_LAST_ENV': '/home/phom/.opam/.last-env/env-2b5df78de92f4046bda1f23ecf6676ba-0', 'XDG_CONFIG_DIRS': '/etc/xdg', 'XDG_DATA_DIRS': '/home/phom/.local/share/flatpak/exports/share:/var/lib/flatpak/exports/share:/usr/local/share/:/usr/share/:/usr/local/share:/usr/share', '_P9K_TTY': '/dev/pts/3', 'LC_NUMERIC': 'en_US.UTF-8', 'PYTHONPATH': '/home/phom/Projects/sensorPlatform/build/sensor_platform/prefix_override:/usr/lib/python3/dist-packages/colcon_core/task/python/colcon_distutils_commands:/home/phom/Projects/sensorPlatform/install/sensor_platform/lib/python3.10/site-packages:/opt/ros/humble/lib/python3.10/site-packages:/opt/ros/humble/local/lib/python3.10/dist-packages', 'I3SOCK': '/run/user/1000/sway-ipc.1000.1214.sock', 'LC_PAPER': 'en_US.UTF-8', 'TMUX_PLUGIN_MANAGER_PATH': '/home/phom/.tmux/plugins/', 'COLCON': '1', 'MANPATH': '/home/phom/.nvm/versions/node/v25.9.0/share/man::/home/phom/.opam/cs3110-2026sp/man:/home/phom/.opam/cs3110-2026sp/man:/home/phom/.opam/cs3110-2026sp/man:/home/phom/.opam/cs3110-2026sp/man', 'MEMORY_PRESSURE_WRITE': 'c29tZSAyMDAwMDAgMjAwMDAwMAA=', 'TMUX_PANE': '%2', 'EDITOR': 'nvim'}, 'shell': False}
[0.500605] (-) TimerEvent: {}
[0.555838] (sensor_platform) StdoutLine: {'line': b'running egg_info\n'}
[0.556121] (sensor_platform) StdoutLine: {'line': b'writing ../../build/sensor_platform/sensor_platform.egg-info/PKG-INFO\n'}
[0.556260] (sensor_platform) StdoutLine: {'line': b'writing dependency_links to ../../build/sensor_platform/sensor_platform.egg-info/dependency_links.txt\n'}
[0.556327] (sensor_platform) StdoutLine: {'line': b'writing entry points to ../../build/sensor_platform/sensor_platform.egg-info/entry_points.txt\n'}
[0.556388] (sensor_platform) StdoutLine: {'line': b'writing requirements to ../../build/sensor_platform/sensor_platform.egg-info/requires.txt\n'}
[0.556442] (sensor_platform) StdoutLine: {'line': b'writing top-level names to ../../build/sensor_platform/sensor_platform.egg-info/top_level.txt\n'}
[0.557155] (sensor_platform) StdoutLine: {'line': b"reading manifest file '../../build/sensor_platform/sensor_platform.egg-info/SOURCES.txt'\n"}
[0.557559] (sensor_platform) StdoutLine: {'line': b"writing manifest file '../../build/sensor_platform/sensor_platform.egg-info/SOURCES.txt'\n"}
[0.557632] (sensor_platform) StdoutLine: {'line': b'running build\n'}
[0.557681] (sensor_platform) StdoutLine: {'line': b'running build_py\n'}
[0.557731] (sensor_platform) StdoutLine: {'line': b'running install\n'}
[0.557918] (sensor_platform) StdoutLine: {'line': b'running install_lib\n'}
[0.558534] (sensor_platform) StdoutLine: {'line': b'running install_data\n'}
[0.558600] (sensor_platform) StdoutLine: {'line': b'running install_egg_info\n'}
[0.559459] (sensor_platform) StdoutLine: {'line': b"removing '/home/phom/Projects/sensorPlatform/install/sensor_platform/lib/python3.10/site-packages/sensor_platform-0.0.0-py3.10.egg-info' (and everything under it)\n"}
[0.559591] (sensor_platform) StdoutLine: {'line': b'Copying ../../build/sensor_platform/sensor_platform.egg-info to /home/phom/Projects/sensorPlatform/install/sensor_platform/lib/python3.10/site-packages/sensor_platform-0.0.0-py3.10.egg-info\n'}
[0.559887] (sensor_platform) StdoutLine: {'line': b'running install_scripts\n'}
[0.570257] (sensor_platform) StdoutLine: {'line': b"writing list of installed files to '/home/phom/Projects/sensorPlatform/build/sensor_platform/install.log'\n"}
[0.585317] (sensor_platform) CommandEnded: {'returncode': 0}
[0.589753] (sensor_platform) JobEnded: {'identifier': 'sensor_platform', 'rc': 0}
[0.600705] (-) TimerEvent: {}
[0.700982] (-) TimerEvent: {}
[0.801327] (-) TimerEvent: {}
[0.901765] (-) TimerEvent: {}
[1.002214] (-) TimerEvent: {}
[1.102680] (-) TimerEvent: {}
[1.203061] (-) TimerEvent: {}
[1.303452] (-) TimerEvent: {}
[1.403896] (-) TimerEvent: {}
[1.504282] (-) TimerEvent: {}
[1.604673] (-) TimerEvent: {}
[1.705009] (-) TimerEvent: {}
[1.805296] (-) TimerEvent: {}
[1.905655] (-) TimerEvent: {}
[2.005990] (-) TimerEvent: {}
[2.106283] (-) TimerEvent: {}
[2.206569] (-) TimerEvent: {}
[2.306896] (-) TimerEvent: {}
[2.407233] (-) TimerEvent: {}
[2.507516] (-) TimerEvent: {}
[2.607806] (-) TimerEvent: {}
[2.708125] (-) TimerEvent: {}
[2.808505] (-) TimerEvent: {}
[2.908895] (-) TimerEvent: {}
[3.009280] (-) TimerEvent: {}
[3.109696] (-) TimerEvent: {}
[3.210060] (-) TimerEvent: {}
[3.310443] (-) TimerEvent: {}
[3.410768] (-) TimerEvent: {}
[3.511127] (-) TimerEvent: {}
[3.611512] (-) TimerEvent: {}
[3.711888] (-) TimerEvent: {}
[3.812185] (-) TimerEvent: {}
[3.912489] (-) TimerEvent: {}
[4.012793] (-) TimerEvent: {}
[4.113124] (-) TimerEvent: {}
[4.213459] (-) TimerEvent: {}
[4.313817] (-) TimerEvent: {}
[4.414154] (-) TimerEvent: {}
[4.514504] (-) TimerEvent: {}
[4.614828] (-) TimerEvent: {}
[4.715160] (-) TimerEvent: {}
[4.815602] (-) TimerEvent: {}
[4.915961] (-) TimerEvent: {}
[5.016316] (-) TimerEvent: {}
[5.116647] (-) TimerEvent: {}
[5.216969] (-) TimerEvent: {}
[5.317339] (-) TimerEvent: {}
[5.417657] (-) TimerEvent: {}
[5.517904] (-) TimerEvent: {}
[5.618207] (-) TimerEvent: {}
[5.718563] (-) TimerEvent: {}
[5.818919] (-) TimerEvent: {}
[5.919272] (-) TimerEvent: {}
[6.019615] (-) TimerEvent: {}
[6.119942] (-) TimerEvent: {}
[6.220383] (-) TimerEvent: {}
[6.320759] (-) TimerEvent: {}
[6.421099] (-) TimerEvent: {}
[6.521415] (-) TimerEvent: {}
[6.621854] (-) TimerEvent: {}
[6.722217] (-) TimerEvent: {}
[6.822576] (-) TimerEvent: {}
[6.922890] (-) TimerEvent: {}
[7.023264] (-) TimerEvent: {}
[7.088566] (unitree_lidar_ros2) StdoutLine: {'line': b'[100%] \x1b[32m\x1b[1mLinking CXX executable unitree_lidar_ros2_node\x1b[0m\n'}
[7.123410] (-) TimerEvent: {}
[7.223873] (-) TimerEvent: {}
[7.324366] (-) TimerEvent: {}
[7.424795] (-) TimerEvent: {}
[7.439086] (unitree_lidar_ros2) StdoutLine: {'line': b'[100%] Built target unitree_lidar_ros2_node\n'}
[7.445586] (unitree_lidar_ros2) CommandEnded: {'returncode': 0}
[7.446398] (unitree_lidar_ros2) JobProgress: {'identifier': 'unitree_lidar_ros2', 'progress': 'install'}
[7.450772] (unitree_lidar_ros2) Command: {'cmd': ['/usr/bin/cmake', '--install', '/home/phom/Projects/sensorPlatform/build/unitree_lidar_ros2'], 'cwd': '/home/phom/Projects/sensorPlatform/build/unitree_lidar_ros2', 'env': OrderedDict([('IGN_IP', '127.0.0.1'), ('TMUX', '/tmp/tmux-1000/default,203439,0'), ('MAIL', '/var/spool/mail/phom'), ('GHOSTTY_RESOURCES_DIR', '/usr/share/ghostty'), ('LC_TIME', 'en_US.UTF-8'), ('USER', 'phom'), ('HOSTNAME', 'princeden-laptop13'), ('XDG_SESSION_TYPE', 'wayland'), ('BROWSER', 'firefox'), ('LD_LIBRARY_PATH', '/usr/lib/x86_64-linux-gnu/gazebo-11/plugins:/opt/ros/humble/opt/rviz_ogre_vendor/lib:/opt/ros/humble/lib/x86_64-linux-gnu:/opt/ros/humble/lib'), ('SHLVL', '5'), ('XCURSOR_SIZE', '24'), ('XDG_CACHE_HOME', '/home/phom/.cache'), ('HOME', '/home/phom'), ('MOTD_SHOWN', 'pam'), ('OLDPWD', '/home/phom/Projects/sensorPlatform/src'), ('SWAYSOCK', '/run/user/1000/sway-ipc.1000.1214.sock'), ('TERMINFO', '/usr/share/terminfo'), ('CAML_LD_LIBRARY_PATH', '/home/phom/.opam/cs3110-2026sp/lib/stublibs:/home/phom/.opam/cs3110-2026sp/lib/ocaml/stublibs:/home/phom/.opam/cs3110-2026sp/lib/ocaml'), ('NVM_BIN', '/home/phom/.nvm/versions/node/v25.9.0/bin'), ('TERM_PROGRAM_VERSION', '3.2a'), ('NVM_INC', '/home/phom/.nvm/versions/node/v25.9.0/include/node'), ('OCAML_TOPLEVEL_PATH', '/home/phom/.opam/cs3110-2026sp/lib/toplevel'), ('ROS_PYTHON_VERSION', '3'), ('LC_MONETARY', 'en_US.UTF-8'), ('DBUS_SESSION_BUS_ADDRESS', 'unix:path=/run/user/1000/bus'), ('DISTROBOX_ENTER_PATH', '/usr/sbin/distrobox-enter'), ('P9K_TTY', 'old'), ('SYSTEMD_EXEC_PID', '735'), ('XDG_STATE_HOME', '/home/phom/.local/state'), ('COLORTERM', 'truecolor'), ('container', 'sudo docker'), ('DEBUGINFOD_URLS', 'https://debuginfod.archlinux.org'), ('NVM_DIR', '/home/phom/.nvm'), ('ZPFX', '/home/phom/.local/share/zinit/polaris'), ('_colcon_cd_root', '/opt/ros/humble/'), ('ROS_DISTRO', 'humble'), ('WAYLAND_DISPLAY', 'wayland-1'), ('LOGNAME', 'phom'), ('_', '/usr/bin/colcon'), ('_P9K_SSH_TTY', '/dev/pts/3'), ('MEMORY_PRESSURE_WATCH', '/sys/fs/cgroup/system.slice/system-ly.slice/ly@tty2.service/memory.pressure'), ('ROS_VERSION', '2'), ('TERMINFO_DIRS', '/usr/share/terminfo:/run/host/usr/share/terminfo'), ('XDG_SESSION_CLASS', 'user'), ('TERM', 'screen'), ('XDG_SESSION_ID', 'c1'), ('ROS_LOCALHOST_ONLY', '0'), ('PMSPEC', '0uUpiPsf'), ('ZSH_CACHE_DIR', '/home/phom/.cache/zinit'), ('PATH', '/home/phom/.local/bin:/home/phom/.opam/cs3110-2026sp/bin:/home/phom/.nvm/versions/node/v24.13.0/lib/node_modules/npm/bin:/home/phom/.local/bin:/opt/ros/humble/bin:/home/phom/.opam/cs3110-2026sp/bin:/home/phom/.nvm/versions/node/v24.13.0/lib/node_modules/npm/bin:/home/phom/.opam/cs3110-2026sp/bin:/home/phom/.local/share/../bin:/home/phom/.local/bin:/home/phom/.cabal/bin:/home/phom/.ghcup/bin:/home/phom/.local/share/zinit/polaris/bin:/home/phom/.nvm/versions/node/v24.13.0/lib/node_modules/npm/bin:/home/phom/.opam/cs3110-2026sp/bin:/home/phom/.nvm/versions/node/v25.9.0/bin:/home/phom/.cargo/bin:/usr/local/sbin:/usr/sbin:/usr/local/bin:/usr/bin:/sbin:/bin:/var/lib/flatpak/exports/bin:/usr/lib/jvm/default/bin:/usr/bin/site_perl:/usr/bin/vendor_perl:/usr/bin/core_perl:/home/phom/go/bin:/home/phom/.spicetify:/opt/nvim-linux-x86_64/bin:/usr/local/sbin:/usr/sbin:/usr/local/bin:/usr/bin:/sbin:/bin:/bin:/home/phom/.spicetify:/opt/nvim-linux-x86_64/bin:/opt/nvim-linux-x86_64/bin:/bin:/home/phom/.spicetify:/opt/nvim-linux-x86_64/bin:/opt/nvim-linux-x86_64/bin'), ('LC_ADDRESS', 'en_US.UTF-8'), ('XDG_RUNTIME_DIR', '/run/user/1000'), ('DISPLAY', ':0'), ('GHOSTTY_SHELL_FEATURES', 'cursor:blink,path,ssh-env,ssh-terminfo,title'), ('LANG', 'en_US.UTF-8'), ('LC_TELEPHONE', 'en_US.UTF-8'), ('XDG_CURRENT_DESKTOP', 'sway:wlroots:swayfx'), ('TERM_PROGRAM', 'tmux'), ('XDG_CONFIG_HOME', '/home/phom/.config'), ('XDG_DATA_HOME', '/home/phom/.local/share'), ('XDG_SESSION_DESKTOP', 'sway'), ('AMENT_PREFIX_PATH', '/opt/ros/humble'), ('OPAMNOENVNOTICE', 'true'), ('GHOSTTY_BIN_DIR', '/usr/bin'), ('LC_NAME', 'en_US.UTF-8'), ('SHELL', '/usr/bin/zsh'), ('LC_MEASUREMENT', 'en_US.UTF-8'), ('LC_IDENTIFICATION', 'en_US.UTF-8'), ('OCAMLTOP_INCLUDE_PATH', '/home/phom/.opam/cs3110-2026sp/lib/toplevel:/home/phom/.opam/cs3110-2026sp/lib/toplevel:/home/phom/.opam/cs3110-2026sp/lib/toplevel:/home/phom/.opam/cs3110-2026sp/lib/toplevel'), ('OPAM_SWITCH_PREFIX', '/home/phom/.opam/cs3110-2026sp'), ('VSSCRIPT_PATH', '/usr/lib/python3.14/site-packages/vapoursynth/libvsscript.so'), ('P9K_SSH', '0'), ('CONTAINER_ID', 'humble'), ('PWD', '/home/phom/Projects/sensorPlatform/build/unitree_lidar_ros2'), ('NVM_CD_FLAGS', '-q'), ('OPAM_LAST_ENV', '/home/phom/.opam/.last-env/env-2b5df78de92f4046bda1f23ecf6676ba-0'), ('XDG_CONFIG_DIRS', '/etc/xdg'), ('XDG_DATA_DIRS', '/home/phom/.local/share/flatpak/exports/share:/var/lib/flatpak/exports/share:/usr/local/share/:/usr/share/:/usr/local/share:/usr/share'), ('_P9K_TTY', '/dev/pts/3'), ('LC_NUMERIC', 'en_US.UTF-8'), ('PYTHONPATH', '/opt/ros/humble/lib/python3.10/site-packages:/opt/ros/humble/local/lib/python3.10/dist-packages'), ('I3SOCK', '/run/user/1000/sway-ipc.1000.1214.sock'), ('LC_PAPER', 'en_US.UTF-8'), ('TMUX_PLUGIN_MANAGER_PATH', '/home/phom/.tmux/plugins/'), ('COLCON', '1'), ('MANPATH', '/home/phom/.nvm/versions/node/v25.9.0/share/man::/home/phom/.opam/cs3110-2026sp/man:/home/phom/.opam/cs3110-2026sp/man:/home/phom/.opam/cs3110-2026sp/man:/home/phom/.opam/cs3110-2026sp/man'), ('MEMORY_PRESSURE_WRITE', 'c29tZSAyMDAwMDAgMjAwMDAwMAA='), ('TMUX_PANE', '%2'), ('EDITOR', 'nvim'), ('CMAKE_PREFIX_PATH', '/opt/ros/humble')]), 'shell': False}
[7.455210] (unitree_lidar_ros2) StdoutLine: {'line': b'-- Install configuration: ""\n'}
[7.455351] (unitree_lidar_ros2) StdoutLine: {'line': b'-- Installing: /home/phom/Projects/sensorPlatform/install/unitree_lidar_ros2/lib/unitree_lidar_ros2/unitree_lidar_ros2_node\n'}
[7.456362] (unitree_lidar_ros2) StdoutLine: {'line': b'-- Set runtime path of "/home/phom/Projects/sensorPlatform/install/unitree_lidar_ros2/lib/unitree_lidar_ros2/unitree_lidar_ros2_node" to ""\n'}
[7.456428] (unitree_lidar_ros2) StdoutLine: {'line': b'-- Installing: /home/phom/Projects/sensorPlatform/install/unitree_lidar_ros2/share/unitree_lidar_ros2/view.rviz\n'}
[7.456487] (unitree_lidar_ros2) StdoutLine: {'line': b'-- Installing: /home/phom/Projects/sensorPlatform/install/unitree_lidar_ros2/share/unitree_lidar_ros2/launch.py\n'}
[7.456543] (unitree_lidar_ros2) StdoutLine: {'line': b'-- Installing: /home/phom/Projects/sensorPlatform/install/unitree_lidar_ros2/share/ament_index/resource_index/package_run_dependencies/unitree_lidar_ros2\n'}
[7.456606] (unitree_lidar_ros2) StdoutLine: {'line': b'-- Installing: /home/phom/Projects/sensorPlatform/install/unitree_lidar_ros2/share/ament_index/resource_index/parent_prefix_path/unitree_lidar_ros2\n'}
[7.456674] (unitree_lidar_ros2) StdoutLine: {'line': b'-- Installing: /home/phom/Projects/sensorPlatform/install/unitree_lidar_ros2/share/unitree_lidar_ros2/environment/ament_prefix_path.sh\n'}
[7.456844] (unitree_lidar_ros2) StdoutLine: {'line': b'-- Installing: /home/phom/Projects/sensorPlatform/install/unitree_lidar_ros2/share/unitree_lidar_ros2/environment/ament_prefix_path.dsv\n'}
[7.456891] (unitree_lidar_ros2) StdoutLine: {'line': b'-- Installing: /home/phom/Projects/sensorPlatform/install/unitree_lidar_ros2/share/unitree_lidar_ros2/environment/path.sh\n'}
[7.457001] (unitree_lidar_ros2) StdoutLine: {'line': b'-- Installing: /home/phom/Projects/sensorPlatform/install/unitree_lidar_ros2/share/unitree_lidar_ros2/environment/path.dsv\n'}
[7.457098] (unitree_lidar_ros2) StdoutLine: {'line': b'-- Installing: /home/phom/Projects/sensorPlatform/install/unitree_lidar_ros2/share/unitree_lidar_ros2/local_setup.bash\n'}
[7.457133] (unitree_lidar_ros2) StdoutLine: {'line': b'-- Installing: /home/phom/Projects/sensorPlatform/install/unitree_lidar_ros2/share/unitree_lidar_ros2/local_setup.sh\n'}
[7.457171] (unitree_lidar_ros2) StdoutLine: {'line': b'-- Installing: /home/phom/Projects/sensorPlatform/install/unitree_lidar_ros2/share/unitree_lidar_ros2/local_setup.zsh\n'}
[7.457208] (unitree_lidar_ros2) StdoutLine: {'line': b'-- Installing: /home/phom/Projects/sensorPlatform/install/unitree_lidar_ros2/share/unitree_lidar_ros2/local_setup.dsv\n'}
[7.457248] (unitree_lidar_ros2) StdoutLine: {'line': b'-- Installing: /home/phom/Projects/sensorPlatform/install/unitree_lidar_ros2/share/unitree_lidar_ros2/package.dsv\n'}
[7.457313] (unitree_lidar_ros2) StdoutLine: {'line': b'-- Installing: /home/phom/Projects/sensorPlatform/install/unitree_lidar_ros2/share/ament_index/resource_index/packages/unitree_lidar_ros2\n'}
[7.457373] (unitree_lidar_ros2) StdoutLine: {'line': b'-- Installing: /home/phom/Projects/sensorPlatform/install/unitree_lidar_ros2/share/unitree_lidar_ros2/cmake/unitree_lidar_ros2Config.cmake\n'}
[7.457413] (unitree_lidar_ros2) StdoutLine: {'line': b'-- Installing: /home/phom/Projects/sensorPlatform/install/unitree_lidar_ros2/share/unitree_lidar_ros2/cmake/unitree_lidar_ros2Config-version.cmake\n'}
[7.457462] (unitree_lidar_ros2) StdoutLine: {'line': b'-- Installing: /home/phom/Projects/sensorPlatform/install/unitree_lidar_ros2/share/unitree_lidar_ros2/package.xml\n'}
[7.458387] (unitree_lidar_ros2) CommandEnded: {'returncode': 0}
[7.464278] (unitree_lidar_ros2) JobEnded: {'identifier': 'unitree_lidar_ros2', 'rc': 0}
[7.464997] (-) EventReactorShutdown: {}
