[0.096s] DEBUG:colcon:Command line arguments: ['/usr/bin/colcon', 'build']
[0.096s] DEBUG:colcon:Parsed command line arguments: Namespace(log_base=None, log_level=None, verb_name='build', build_base='build', install_base='install', merge_install=False, symlink_install=False, test_result_base=None, continue_on_error=False, executor='parallel', parallel_workers=12, event_handlers=None, ignore_user_meta=False, metas=['./colcon.meta'], base_paths=['.'], packages_ignore=None, packages_ignore_regex=None, paths=None, packages_up_to=None, packages_up_to_regex=None, packages_above=None, packages_above_and_dependencies=None, packages_above_depth=None, packages_select_by_dep=None, packages_skip_by_dep=None, packages_skip_up_to=None, packages_select_build_failed=False, packages_skip_build_finished=False, packages_select_test_failures=False, packages_skip_test_passed=False, packages_select=None, packages_skip=None, packages_select_regex=None, packages_skip_regex=None, packages_start=None, packages_end=None, allow_overriding=[], cmake_args=None, cmake_target=None, cmake_target_skip_unavailable=False, cmake_clean_cache=False, cmake_clean_first=False, cmake_force_configure=False, ament_cmake_args=None, catkin_cmake_args=None, catkin_skip_building_tests=False, mixin_files=None, mixin=None, verb_parser=<colcon_mixin.mixin.mixin_argument.MixinArgumentDecorator object at 0x7f8cf6ee9e70>, verb_extension=<colcon_core.verb.build.BuildVerb object at 0x7f8cf7076dd0>, main=<bound method BuildVerb.main of <colcon_core.verb.build.BuildVerb object at 0x7f8cf7076dd0>>, mixin_verb=('build',))
[0.214s] Level 1:colcon.colcon_core.package_discovery:discover_packages(colcon_meta) check parameters
[0.214s] Level 1:colcon.colcon_core.package_discovery:discover_packages(recursive) check parameters
[0.215s] Level 1:colcon.colcon_core.package_discovery:discover_packages(ignore) check parameters
[0.215s] Level 1:colcon.colcon_core.package_discovery:discover_packages(path) check parameters
[0.215s] Level 1:colcon.colcon_core.package_discovery:discover_packages(colcon_meta) discover
[0.215s] Level 1:colcon.colcon_core.package_discovery:discover_packages(recursive) discover
[0.215s] INFO:colcon.colcon_core.package_discovery:Crawling recursively for packages in '/home/phom/Projects/sensorPlatform'
[0.215s] Level 1:colcon.colcon_core.package_identification:_identify(.) by extensions ['ignore', 'ignore_ament_install']
[0.215s] Level 1:colcon.colcon_core.package_identification:_identify(.) by extension 'ignore'
[0.215s] Level 1:colcon.colcon_core.package_identification:_identify(.) by extension 'ignore_ament_install'
[0.215s] Level 1:colcon.colcon_core.package_identification:_identify(.) by extensions ['colcon_pkg']
[0.215s] Level 1:colcon.colcon_core.package_identification:_identify(.) by extension 'colcon_pkg'
[0.215s] Level 1:colcon.colcon_core.package_identification:_identify(.) by extensions ['colcon_meta']
[0.215s] Level 1:colcon.colcon_core.package_identification:_identify(.) by extension 'colcon_meta'
[0.215s] Level 1:colcon.colcon_core.package_identification:_identify(.) by extensions ['ros']
[0.215s] Level 1:colcon.colcon_core.package_identification:_identify(.) by extension 'ros'
[0.224s] Level 1:colcon.colcon_core.package_identification:_identify(.) by extensions ['cmake', 'python']
[0.224s] Level 1:colcon.colcon_core.package_identification:_identify(.) by extension 'cmake'
[0.224s] Level 1:colcon.colcon_core.package_identification:_identify(.) by extension 'python'
[0.224s] Level 1:colcon.colcon_core.package_identification:_identify(.) by extensions ['python_setup_py']
[0.224s] Level 1:colcon.colcon_core.package_identification:_identify(.) by extension 'python_setup_py'
[0.225s] Level 1:colcon.colcon_core.package_identification:_identify(build) by extensions ['ignore', 'ignore_ament_install']
[0.225s] Level 1:colcon.colcon_core.package_identification:_identify(build) by extension 'ignore'
[0.225s] Level 1:colcon.colcon_core.package_identification:_identify(build) ignored
[0.225s] Level 1:colcon.colcon_core.package_identification:_identify(install) by extensions ['ignore', 'ignore_ament_install']
[0.225s] Level 1:colcon.colcon_core.package_identification:_identify(install) by extension 'ignore'
[0.225s] Level 1:colcon.colcon_core.package_identification:_identify(install) ignored
[0.225s] Level 1:colcon.colcon_core.package_identification:_identify(log) by extensions ['ignore', 'ignore_ament_install']
[0.225s] Level 1:colcon.colcon_core.package_identification:_identify(log) by extension 'ignore'
[0.225s] Level 1:colcon.colcon_core.package_identification:_identify(log) ignored
[0.225s] Level 1:colcon.colcon_core.package_identification:_identify(src) by extensions ['ignore', 'ignore_ament_install']
[0.225s] Level 1:colcon.colcon_core.package_identification:_identify(src) by extension 'ignore'
[0.225s] Level 1:colcon.colcon_core.package_identification:_identify(src) by extension 'ignore_ament_install'
[0.225s] Level 1:colcon.colcon_core.package_identification:_identify(src) by extensions ['colcon_pkg']
[0.225s] Level 1:colcon.colcon_core.package_identification:_identify(src) by extension 'colcon_pkg'
[0.225s] Level 1:colcon.colcon_core.package_identification:_identify(src) by extensions ['colcon_meta']
[0.225s] Level 1:colcon.colcon_core.package_identification:_identify(src) by extension 'colcon_meta'
[0.225s] Level 1:colcon.colcon_core.package_identification:_identify(src) by extensions ['ros']
[0.225s] Level 1:colcon.colcon_core.package_identification:_identify(src) by extension 'ros'
[0.225s] Level 1:colcon.colcon_core.package_identification:_identify(src) by extensions ['cmake', 'python']
[0.225s] Level 1:colcon.colcon_core.package_identification:_identify(src) by extension 'cmake'
[0.225s] Level 1:colcon.colcon_core.package_identification:_identify(src) by extension 'python'
[0.225s] Level 1:colcon.colcon_core.package_identification:_identify(src) by extensions ['python_setup_py']
[0.225s] Level 1:colcon.colcon_core.package_identification:_identify(src) by extension 'python_setup_py'
[0.225s] Level 1:colcon.colcon_core.package_identification:_identify(src/sensor_platform) by extensions ['ignore', 'ignore_ament_install']
[0.225s] Level 1:colcon.colcon_core.package_identification:_identify(src/sensor_platform) by extension 'ignore'
[0.226s] Level 1:colcon.colcon_core.package_identification:_identify(src/sensor_platform) by extension 'ignore_ament_install'
[0.226s] Level 1:colcon.colcon_core.package_identification:_identify(src/sensor_platform) by extensions ['colcon_pkg']
[0.226s] Level 1:colcon.colcon_core.package_identification:_identify(src/sensor_platform) by extension 'colcon_pkg'
[0.226s] Level 1:colcon.colcon_core.package_identification:_identify(src/sensor_platform) by extensions ['colcon_meta']
[0.226s] Level 1:colcon.colcon_core.package_identification:_identify(src/sensor_platform) by extension 'colcon_meta'
[0.226s] Level 1:colcon.colcon_core.package_identification:_identify(src/sensor_platform) by extensions ['ros']
[0.226s] Level 1:colcon.colcon_core.package_identification:_identify(src/sensor_platform) by extension 'ros'
[0.228s] DEBUG:colcon.colcon_core.package_identification:Package 'src/sensor_platform' with type 'ros.ament_python' and name 'sensor_platform'
[0.228s] Level 1:colcon.colcon_core.package_identification:_identify(src/unilidar_sdk2) by extensions ['ignore', 'ignore_ament_install']
[0.228s] Level 1:colcon.colcon_core.package_identification:_identify(src/unilidar_sdk2) by extension 'ignore'
[0.228s] Level 1:colcon.colcon_core.package_identification:_identify(src/unilidar_sdk2) by extension 'ignore_ament_install'
[0.228s] Level 1:colcon.colcon_core.package_identification:_identify(src/unilidar_sdk2) by extensions ['colcon_pkg']
[0.228s] Level 1:colcon.colcon_core.package_identification:_identify(src/unilidar_sdk2) by extension 'colcon_pkg'
[0.228s] Level 1:colcon.colcon_core.package_identification:_identify(src/unilidar_sdk2) by extensions ['colcon_meta']
[0.228s] Level 1:colcon.colcon_core.package_identification:_identify(src/unilidar_sdk2) by extension 'colcon_meta'
[0.228s] Level 1:colcon.colcon_core.package_identification:_identify(src/unilidar_sdk2) by extensions ['ros']
[0.228s] Level 1:colcon.colcon_core.package_identification:_identify(src/unilidar_sdk2) by extension 'ros'
[0.228s] Level 1:colcon.colcon_core.package_identification:_identify(src/unilidar_sdk2) by extensions ['cmake', 'python']
[0.228s] Level 1:colcon.colcon_core.package_identification:_identify(src/unilidar_sdk2) by extension 'cmake'
[0.228s] Level 1:colcon.colcon_core.package_identification:_identify(src/unilidar_sdk2) by extension 'python'
[0.228s] Level 1:colcon.colcon_core.package_identification:_identify(src/unilidar_sdk2) by extensions ['python_setup_py']
[0.228s] Level 1:colcon.colcon_core.package_identification:_identify(src/unilidar_sdk2) by extension 'python_setup_py'
[0.228s] Level 1:colcon.colcon_core.package_identification:_identify(src/unilidar_sdk2/docs) by extensions ['ignore', 'ignore_ament_install']
[0.228s] Level 1:colcon.colcon_core.package_identification:_identify(src/unilidar_sdk2/docs) by extension 'ignore'
[0.229s] Level 1:colcon.colcon_core.package_identification:_identify(src/unilidar_sdk2/docs) by extension 'ignore_ament_install'
[0.229s] Level 1:colcon.colcon_core.package_identification:_identify(src/unilidar_sdk2/docs) by extensions ['colcon_pkg']
[0.229s] Level 1:colcon.colcon_core.package_identification:_identify(src/unilidar_sdk2/docs) by extension 'colcon_pkg'
[0.229s] Level 1:colcon.colcon_core.package_identification:_identify(src/unilidar_sdk2/docs) by extensions ['colcon_meta']
[0.229s] Level 1:colcon.colcon_core.package_identification:_identify(src/unilidar_sdk2/docs) by extension 'colcon_meta'
[0.229s] Level 1:colcon.colcon_core.package_identification:_identify(src/unilidar_sdk2/docs) by extensions ['ros']
[0.229s] Level 1:colcon.colcon_core.package_identification:_identify(src/unilidar_sdk2/docs) by extension 'ros'
[0.229s] Level 1:colcon.colcon_core.package_identification:_identify(src/unilidar_sdk2/docs) by extensions ['cmake', 'python']
[0.229s] Level 1:colcon.colcon_core.package_identification:_identify(src/unilidar_sdk2/docs) by extension 'cmake'
[0.229s] Level 1:colcon.colcon_core.package_identification:_identify(src/unilidar_sdk2/docs) by extension 'python'
[0.229s] Level 1:colcon.colcon_core.package_identification:_identify(src/unilidar_sdk2/docs) by extensions ['python_setup_py']
[0.229s] Level 1:colcon.colcon_core.package_identification:_identify(src/unilidar_sdk2/docs) by extension 'python_setup_py'
[0.229s] Level 1:colcon.colcon_core.package_identification:_identify(src/unilidar_sdk2/unitree_lidar_ros2) by extensions ['ignore', 'ignore_ament_install']
[0.229s] Level 1:colcon.colcon_core.package_identification:_identify(src/unilidar_sdk2/unitree_lidar_ros2) by extension 'ignore'
[0.229s] Level 1:colcon.colcon_core.package_identification:_identify(src/unilidar_sdk2/unitree_lidar_ros2) by extension 'ignore_ament_install'
[0.229s] Level 1:colcon.colcon_core.package_identification:_identify(src/unilidar_sdk2/unitree_lidar_ros2) by extensions ['colcon_pkg']
[0.229s] Level 1:colcon.colcon_core.package_identification:_identify(src/unilidar_sdk2/unitree_lidar_ros2) by extension 'colcon_pkg'
[0.229s] Level 1:colcon.colcon_core.package_identification:_identify(src/unilidar_sdk2/unitree_lidar_ros2) by extensions ['colcon_meta']
[0.229s] Level 1:colcon.colcon_core.package_identification:_identify(src/unilidar_sdk2/unitree_lidar_ros2) by extension 'colcon_meta'
[0.229s] Level 1:colcon.colcon_core.package_identification:_identify(src/unilidar_sdk2/unitree_lidar_ros2) by extensions ['ros']
[0.229s] Level 1:colcon.colcon_core.package_identification:_identify(src/unilidar_sdk2/unitree_lidar_ros2) by extension 'ros'
[0.229s] Level 1:colcon.colcon_core.package_identification:_identify(src/unilidar_sdk2/unitree_lidar_ros2) by extensions ['cmake', 'python']
[0.229s] Level 1:colcon.colcon_core.package_identification:_identify(src/unilidar_sdk2/unitree_lidar_ros2) by extension 'cmake'
[0.229s] Level 1:colcon.colcon_core.package_identification:_identify(src/unilidar_sdk2/unitree_lidar_ros2) by extension 'python'
[0.229s] Level 1:colcon.colcon_core.package_identification:_identify(src/unilidar_sdk2/unitree_lidar_ros2) by extensions ['python_setup_py']
[0.229s] Level 1:colcon.colcon_core.package_identification:_identify(src/unilidar_sdk2/unitree_lidar_ros2) by extension 'python_setup_py'
[0.229s] Level 1:colcon.colcon_core.package_identification:_identify(src/unilidar_sdk2/unitree_lidar_ros2/src) by extensions ['ignore', 'ignore_ament_install']
[0.229s] Level 1:colcon.colcon_core.package_identification:_identify(src/unilidar_sdk2/unitree_lidar_ros2/src) by extension 'ignore'
[0.229s] Level 1:colcon.colcon_core.package_identification:_identify(src/unilidar_sdk2/unitree_lidar_ros2/src) by extension 'ignore_ament_install'
[0.229s] Level 1:colcon.colcon_core.package_identification:_identify(src/unilidar_sdk2/unitree_lidar_ros2/src) by extensions ['colcon_pkg']
[0.229s] Level 1:colcon.colcon_core.package_identification:_identify(src/unilidar_sdk2/unitree_lidar_ros2/src) by extension 'colcon_pkg'
[0.229s] Level 1:colcon.colcon_core.package_identification:_identify(src/unilidar_sdk2/unitree_lidar_ros2/src) by extensions ['colcon_meta']
[0.229s] Level 1:colcon.colcon_core.package_identification:_identify(src/unilidar_sdk2/unitree_lidar_ros2/src) by extension 'colcon_meta'
[0.229s] Level 1:colcon.colcon_core.package_identification:_identify(src/unilidar_sdk2/unitree_lidar_ros2/src) by extensions ['ros']
[0.229s] Level 1:colcon.colcon_core.package_identification:_identify(src/unilidar_sdk2/unitree_lidar_ros2/src) by extension 'ros'
[0.229s] Level 1:colcon.colcon_core.package_identification:_identify(src/unilidar_sdk2/unitree_lidar_ros2/src) by extensions ['cmake', 'python']
[0.229s] Level 1:colcon.colcon_core.package_identification:_identify(src/unilidar_sdk2/unitree_lidar_ros2/src) by extension 'cmake'
[0.230s] Level 1:colcon.colcon_core.package_identification:_identify(src/unilidar_sdk2/unitree_lidar_ros2/src) by extension 'python'
[0.230s] Level 1:colcon.colcon_core.package_identification:_identify(src/unilidar_sdk2/unitree_lidar_ros2/src) by extensions ['python_setup_py']
[0.230s] Level 1:colcon.colcon_core.package_identification:_identify(src/unilidar_sdk2/unitree_lidar_ros2/src) by extension 'python_setup_py'
[0.230s] Level 1:colcon.colcon_core.package_identification:_identify(src/unilidar_sdk2/unitree_lidar_ros2/src/unitree_lidar_ros2) by extensions ['ignore', 'ignore_ament_install']
[0.230s] Level 1:colcon.colcon_core.package_identification:_identify(src/unilidar_sdk2/unitree_lidar_ros2/src/unitree_lidar_ros2) by extension 'ignore'
[0.230s] Level 1:colcon.colcon_core.package_identification:_identify(src/unilidar_sdk2/unitree_lidar_ros2/src/unitree_lidar_ros2) by extension 'ignore_ament_install'
[0.230s] Level 1:colcon.colcon_core.package_identification:_identify(src/unilidar_sdk2/unitree_lidar_ros2/src/unitree_lidar_ros2) by extensions ['colcon_pkg']
[0.230s] Level 1:colcon.colcon_core.package_identification:_identify(src/unilidar_sdk2/unitree_lidar_ros2/src/unitree_lidar_ros2) by extension 'colcon_pkg'
[0.230s] Level 1:colcon.colcon_core.package_identification:_identify(src/unilidar_sdk2/unitree_lidar_ros2/src/unitree_lidar_ros2) by extensions ['colcon_meta']
[0.230s] Level 1:colcon.colcon_core.package_identification:_identify(src/unilidar_sdk2/unitree_lidar_ros2/src/unitree_lidar_ros2) by extension 'colcon_meta'
[0.230s] Level 1:colcon.colcon_core.package_identification:_identify(src/unilidar_sdk2/unitree_lidar_ros2/src/unitree_lidar_ros2) by extensions ['ros']
[0.230s] Level 1:colcon.colcon_core.package_identification:_identify(src/unilidar_sdk2/unitree_lidar_ros2/src/unitree_lidar_ros2) by extension 'ros'
[0.231s] DEBUG:colcon.colcon_core.package_identification:Package 'src/unilidar_sdk2/unitree_lidar_ros2/src/unitree_lidar_ros2' with type 'ros.ament_cmake' and name 'unitree_lidar_ros2'
[0.231s] Level 1:colcon.colcon_core.package_identification:_identify(src/unilidar_sdk2/unitree_lidar_sdk) by extensions ['ignore', 'ignore_ament_install']
[0.231s] Level 1:colcon.colcon_core.package_identification:_identify(src/unilidar_sdk2/unitree_lidar_sdk) by extension 'ignore'
[0.231s] Level 1:colcon.colcon_core.package_identification:_identify(src/unilidar_sdk2/unitree_lidar_sdk) by extension 'ignore_ament_install'
[0.231s] Level 1:colcon.colcon_core.package_identification:_identify(src/unilidar_sdk2/unitree_lidar_sdk) by extensions ['colcon_pkg']
[0.231s] Level 1:colcon.colcon_core.package_identification:_identify(src/unilidar_sdk2/unitree_lidar_sdk) by extension 'colcon_pkg'
[0.231s] Level 1:colcon.colcon_core.package_identification:_identify(src/unilidar_sdk2/unitree_lidar_sdk) by extensions ['colcon_meta']
[0.231s] Level 1:colcon.colcon_core.package_identification:_identify(src/unilidar_sdk2/unitree_lidar_sdk) by extension 'colcon_meta'
[0.231s] Level 1:colcon.colcon_core.package_identification:_identify(src/unilidar_sdk2/unitree_lidar_sdk) by extensions ['ros']
[0.231s] Level 1:colcon.colcon_core.package_identification:_identify(src/unilidar_sdk2/unitree_lidar_sdk) by extension 'ros'
[0.231s] Level 1:colcon.colcon_core.package_identification:_identify(src/unilidar_sdk2/unitree_lidar_sdk) by extensions ['cmake', 'python']
[0.231s] Level 1:colcon.colcon_core.package_identification:_identify(src/unilidar_sdk2/unitree_lidar_sdk) by extension 'cmake'
[0.232s] Level 1:colcon.colcon_core.package_identification:_identify(src/unilidar_sdk2/unitree_lidar_sdk) by extension 'python'
[0.232s] DEBUG:colcon.colcon_core.package_identification:Package 'src/unilidar_sdk2/unitree_lidar_sdk' with type 'cmake' and name 'unitree_lidar_sdk'
[0.232s] Level 1:colcon.colcon_core.package_discovery:discover_packages(recursive) using defaults
[0.232s] Level 1:colcon.colcon_core.package_discovery:discover_packages(ignore) discover
[0.232s] Level 1:colcon.colcon_core.package_discovery:discover_packages(ignore) using defaults
[0.232s] Level 1:colcon.colcon_core.package_discovery:discover_packages(path) discover
[0.232s] Level 1:colcon.colcon_core.package_discovery:discover_packages(path) using defaults
[0.268s] Level 1:colcon.colcon_core.package_discovery:discover_packages(prefix_path) check parameters
[0.268s] Level 1:colcon.colcon_core.package_discovery:discover_packages(prefix_path) discover
[0.270s] DEBUG:colcon.colcon_installed_package_information.package_discovery:Found 398 installed packages in /opt/ros/humble
[0.272s] Level 1:colcon.colcon_core.package_discovery:discover_packages(prefix_path) using defaults
[0.307s] Level 5:colcon.colcon_core.verb:set package 'sensor_platform' build argument 'cmake_args' from command line to 'None'
[0.307s] Level 5:colcon.colcon_core.verb:set package 'sensor_platform' build argument 'cmake_target' from command line to 'None'
[0.307s] Level 5:colcon.colcon_core.verb:set package 'sensor_platform' build argument 'cmake_target_skip_unavailable' from command line to 'False'
[0.307s] Level 5:colcon.colcon_core.verb:set package 'sensor_platform' build argument 'cmake_clean_cache' from command line to 'False'
[0.307s] Level 5:colcon.colcon_core.verb:set package 'sensor_platform' build argument 'cmake_clean_first' from command line to 'False'
[0.307s] Level 5:colcon.colcon_core.verb:set package 'sensor_platform' build argument 'cmake_force_configure' from command line to 'False'
[0.307s] Level 5:colcon.colcon_core.verb:set package 'sensor_platform' build argument 'ament_cmake_args' from command line to 'None'
[0.307s] Level 5:colcon.colcon_core.verb:set package 'sensor_platform' build argument 'catkin_cmake_args' from command line to 'None'
[0.307s] Level 5:colcon.colcon_core.verb:set package 'sensor_platform' build argument 'catkin_skip_building_tests' from command line to 'False'
[0.307s] DEBUG:colcon.colcon_core.verb:Building package 'sensor_platform' with the following arguments: {'ament_cmake_args': None, 'build_base': '/home/phom/Projects/sensorPlatform/build/sensor_platform', 'catkin_cmake_args': None, 'catkin_skip_building_tests': False, 'cmake_args': None, 'cmake_clean_cache': False, 'cmake_clean_first': False, 'cmake_force_configure': False, 'cmake_target': None, 'cmake_target_skip_unavailable': False, 'install_base': '/home/phom/Projects/sensorPlatform/install/sensor_platform', 'merge_install': False, 'path': '/home/phom/Projects/sensorPlatform/src/sensor_platform', 'symlink_install': False, 'test_result_base': None}
[0.308s] Level 5:colcon.colcon_core.verb:set package 'unitree_lidar_ros2' build argument 'cmake_args' from command line to 'None'
[0.308s] Level 5:colcon.colcon_core.verb:set package 'unitree_lidar_ros2' build argument 'cmake_target' from command line to 'None'
[0.308s] Level 5:colcon.colcon_core.verb:set package 'unitree_lidar_ros2' build argument 'cmake_target_skip_unavailable' from command line to 'False'
[0.308s] Level 5:colcon.colcon_core.verb:set package 'unitree_lidar_ros2' build argument 'cmake_clean_cache' from command line to 'False'
[0.308s] Level 5:colcon.colcon_core.verb:set package 'unitree_lidar_ros2' build argument 'cmake_clean_first' from command line to 'False'
[0.308s] Level 5:colcon.colcon_core.verb:set package 'unitree_lidar_ros2' build argument 'cmake_force_configure' from command line to 'False'
[0.308s] Level 5:colcon.colcon_core.verb:set package 'unitree_lidar_ros2' build argument 'ament_cmake_args' from command line to 'None'
[0.308s] Level 5:colcon.colcon_core.verb:set package 'unitree_lidar_ros2' build argument 'catkin_cmake_args' from command line to 'None'
[0.308s] Level 5:colcon.colcon_core.verb:set package 'unitree_lidar_ros2' build argument 'catkin_skip_building_tests' from command line to 'False'
[0.308s] DEBUG:colcon.colcon_core.verb:Building package 'unitree_lidar_ros2' with the following arguments: {'ament_cmake_args': None, 'build_base': '/home/phom/Projects/sensorPlatform/build/unitree_lidar_ros2', 'catkin_cmake_args': None, 'catkin_skip_building_tests': False, 'cmake_args': None, 'cmake_clean_cache': False, 'cmake_clean_first': False, 'cmake_force_configure': False, 'cmake_target': None, 'cmake_target_skip_unavailable': False, 'install_base': '/home/phom/Projects/sensorPlatform/install/unitree_lidar_ros2', 'merge_install': False, 'path': '/home/phom/Projects/sensorPlatform/src/unilidar_sdk2/unitree_lidar_ros2/src/unitree_lidar_ros2', 'symlink_install': False, 'test_result_base': None}
[0.308s] Level 5:colcon.colcon_core.verb:set package 'unitree_lidar_sdk' build argument 'cmake_args' from command line to 'None'
[0.308s] Level 5:colcon.colcon_core.verb:set package 'unitree_lidar_sdk' build argument 'cmake_target' from command line to 'None'
[0.308s] Level 5:colcon.colcon_core.verb:set package 'unitree_lidar_sdk' build argument 'cmake_target_skip_unavailable' from command line to 'False'
[0.308s] Level 5:colcon.colcon_core.verb:set package 'unitree_lidar_sdk' build argument 'cmake_clean_cache' from command line to 'False'
[0.308s] Level 5:colcon.colcon_core.verb:set package 'unitree_lidar_sdk' build argument 'cmake_clean_first' from command line to 'False'
[0.308s] Level 5:colcon.colcon_core.verb:set package 'unitree_lidar_sdk' build argument 'cmake_force_configure' from command line to 'False'
[0.308s] Level 5:colcon.colcon_core.verb:set package 'unitree_lidar_sdk' build argument 'ament_cmake_args' from command line to 'None'
[0.308s] Level 5:colcon.colcon_core.verb:set package 'unitree_lidar_sdk' build argument 'catkin_cmake_args' from command line to 'None'
[0.308s] Level 5:colcon.colcon_core.verb:set package 'unitree_lidar_sdk' build argument 'catkin_skip_building_tests' from command line to 'False'
[0.308s] DEBUG:colcon.colcon_core.verb:Building package 'unitree_lidar_sdk' with the following arguments: {'ament_cmake_args': None, 'build_base': '/home/phom/Projects/sensorPlatform/build/unitree_lidar_sdk', 'catkin_cmake_args': None, 'catkin_skip_building_tests': False, 'cmake_args': None, 'cmake_clean_cache': False, 'cmake_clean_first': False, 'cmake_force_configure': False, 'cmake_target': None, 'cmake_target_skip_unavailable': False, 'install_base': '/home/phom/Projects/sensorPlatform/install/unitree_lidar_sdk', 'merge_install': False, 'path': '/home/phom/Projects/sensorPlatform/src/unilidar_sdk2/unitree_lidar_sdk', 'symlink_install': False, 'test_result_base': None}
[0.308s] INFO:colcon.colcon_core.executor:Executing jobs using 'parallel' executor
[0.310s] DEBUG:colcon.colcon_parallel_executor.executor.parallel:run_until_complete
[0.310s] INFO:colcon.colcon_ros.task.ament_python.build:Building ROS package in '/home/phom/Projects/sensorPlatform/src/sensor_platform' with build type 'ament_python'
[0.310s] Level 1:colcon.colcon_core.shell:create_environment_hook('sensor_platform', 'ament_prefix_path')
[0.312s] INFO:colcon.colcon_core.plugin_system:Skipping extension 'colcon_core.shell.bat': Not used on non-Windows systems
[0.312s] INFO:colcon.colcon_core.shell:Creating environment hook '/home/phom/Projects/sensorPlatform/install/sensor_platform/share/sensor_platform/hook/ament_prefix_path.ps1'
[0.313s] INFO:colcon.colcon_core.shell:Creating environment descriptor '/home/phom/Projects/sensorPlatform/install/sensor_platform/share/sensor_platform/hook/ament_prefix_path.dsv'
[0.313s] INFO:colcon.colcon_core.shell:Creating environment hook '/home/phom/Projects/sensorPlatform/install/sensor_platform/share/sensor_platform/hook/ament_prefix_path.sh'
[0.314s] INFO:colcon.colcon_core.shell:Skip shell extension 'powershell' for command environment: Not usable outside of PowerShell
[0.314s] DEBUG:colcon.colcon_core.shell:Skip shell extension 'dsv' for command environment
[0.318s] INFO:colcon.colcon_ros.task.ament_cmake.build:Building ROS package in '/home/phom/Projects/sensorPlatform/src/unilidar_sdk2/unitree_lidar_ros2/src/unitree_lidar_ros2' with build type 'ament_cmake'
[0.319s] INFO:colcon.colcon_cmake.task.cmake.build:Building CMake package in '/home/phom/Projects/sensorPlatform/src/unilidar_sdk2/unitree_lidar_ros2/src/unitree_lidar_ros2'
[0.319s] INFO:colcon.colcon_core.shell:Skip shell extension 'powershell' for command environment: Not usable outside of PowerShell
[0.319s] DEBUG:colcon.colcon_core.shell:Skip shell extension 'dsv' for command environment
[0.323s] INFO:colcon.colcon_cmake.task.cmake.build:Building CMake package in '/home/phom/Projects/sensorPlatform/src/unilidar_sdk2/unitree_lidar_sdk'
[0.323s] INFO:colcon.colcon_core.shell:Skip shell extension 'powershell' for command environment: Not usable outside of PowerShell
[0.324s] DEBUG:colcon.colcon_core.shell:Skip shell extension 'dsv' for command environment
[0.527s] INFO:colcon.colcon_core.task.python.build:Building Python package in '/home/phom/Projects/sensorPlatform/src/sensor_platform'
[0.528s] INFO:colcon.colcon_core.shell:Skip shell extension 'powershell' for command environment: Not usable outside of PowerShell
[0.528s] DEBUG:colcon.colcon_core.shell:Skip shell extension 'dsv' for command environment
[0.533s] DEBUG:colcon.colcon_core.event_handler.log_command:Invoking command in '/home/phom/Projects/sensorPlatform/build/unitree_lidar_ros2': CMAKE_PREFIX_PATH=/opt/ros/humble DEBUGINFOD_URLS=https://debuginfod.archlinux.org /usr/bin/cmake --build /home/phom/Projects/sensorPlatform/build/unitree_lidar_ros2 -- -j12 -l12
[0.538s] DEBUG:colcon.colcon_core.event_handler.log_command:Invoking command in '/home/phom/Projects/sensorPlatform/build/unitree_lidar_sdk': DEBUGINFOD_URLS=https://debuginfod.archlinux.org /usr/bin/cmake --build /home/phom/Projects/sensorPlatform/build/unitree_lidar_sdk -- -j12 -l12
[0.591s] DEBUG:colcon.colcon_core.event_handler.log_command:Invoked command in '/home/phom/Projects/sensorPlatform/build/unitree_lidar_sdk' returned '0': DEBUGINFOD_URLS=https://debuginfod.archlinux.org /usr/bin/cmake --build /home/phom/Projects/sensorPlatform/build/unitree_lidar_sdk -- -j12 -l12
[0.591s] WARNING:colcon.colcon_cmake.task.cmake.build:Could not run installation step for package 'unitree_lidar_sdk' because it has no 'install' target
[0.591s] Level 1:colcon.colcon_core.environment:create_environment_scripts_only(unitree_lidar_sdk)
[0.593s] Level 1:colcon.colcon_core.environment:checking '/home/phom/Projects/sensorPlatform/install/unitree_lidar_sdk' for CMake module files
[0.593s] Level 1:colcon.colcon_core.environment:checking '/home/phom/Projects/sensorPlatform/install/unitree_lidar_sdk' for CMake config files
[0.593s] Level 1:colcon.colcon_core.environment:checking '/home/phom/Projects/sensorPlatform/install/unitree_lidar_sdk/bin'
[0.594s] Level 1:colcon.colcon_core.environment:checking '/home/phom/Projects/sensorPlatform/install/unitree_lidar_sdk/lib/pkgconfig/unitree_lidar_sdk.pc'
[0.594s] Level 1:colcon.colcon_core.environment:checking '/home/phom/Projects/sensorPlatform/install/unitree_lidar_sdk/lib/python3.10/site-packages'
[0.594s] Level 1:colcon.colcon_core.environment:checking '/home/phom/Projects/sensorPlatform/install/unitree_lidar_sdk/bin'
[0.594s] INFO:colcon.colcon_core.shell:Creating package script '/home/phom/Projects/sensorPlatform/install/unitree_lidar_sdk/share/unitree_lidar_sdk/package.ps1'
[0.595s] INFO:colcon.colcon_core.shell:Creating package descriptor '/home/phom/Projects/sensorPlatform/install/unitree_lidar_sdk/share/unitree_lidar_sdk/package.dsv'
[0.596s] INFO:colcon.colcon_core.shell:Creating package script '/home/phom/Projects/sensorPlatform/install/unitree_lidar_sdk/share/unitree_lidar_sdk/package.sh'
[0.596s] INFO:colcon.colcon_core.shell:Creating package script '/home/phom/Projects/sensorPlatform/install/unitree_lidar_sdk/share/unitree_lidar_sdk/package.bash'
[0.596s] INFO:colcon.colcon_core.shell:Creating package script '/home/phom/Projects/sensorPlatform/install/unitree_lidar_sdk/share/unitree_lidar_sdk/package.zsh'
[0.597s] Level 1:colcon.colcon_core.environment:create_file_with_runtime_dependencies(/home/phom/Projects/sensorPlatform/install/unitree_lidar_sdk/share/colcon-core/packages/unitree_lidar_sdk)
[0.760s] DEBUG:colcon.colcon_core.event_handler.log_command:Invoking command in '/home/phom/Projects/sensorPlatform/src/sensor_platform': DEBUGINFOD_URLS=https://debuginfod.archlinux.org PYTHONPATH=/home/phom/Projects/sensorPlatform/build/sensor_platform/prefix_override:/usr/lib/python3/dist-packages/colcon_core/task/python/colcon_distutils_commands:/home/phom/Projects/sensorPlatform/install/sensor_platform/lib/python3.10/site-packages:${PYTHONPATH} /usr/bin/python3 -W ignore:setup.py install is deprecated -W ignore:easy_install command is deprecated setup.py egg_info --egg-base ../../build/sensor_platform build --build-base /home/phom/Projects/sensorPlatform/build/sensor_platform/build install --record /home/phom/Projects/sensorPlatform/build/sensor_platform/install.log --single-version-externally-managed install_data
[0.894s] Level 1:colcon.colcon_core.environment:checking '/home/phom/Projects/sensorPlatform/install/sensor_platform' for CMake module files
[0.895s] DEBUG:colcon.colcon_core.event_handler.log_command:Invoked command in '/home/phom/Projects/sensorPlatform/src/sensor_platform' returned '0': DEBUGINFOD_URLS=https://debuginfod.archlinux.org PYTHONPATH=/home/phom/Projects/sensorPlatform/build/sensor_platform/prefix_override:/usr/lib/python3/dist-packages/colcon_core/task/python/colcon_distutils_commands:/home/phom/Projects/sensorPlatform/install/sensor_platform/lib/python3.10/site-packages:${PYTHONPATH} /usr/bin/python3 -W ignore:setup.py install is deprecated -W ignore:easy_install command is deprecated setup.py egg_info --egg-base ../../build/sensor_platform build --build-base /home/phom/Projects/sensorPlatform/build/sensor_platform/build install --record /home/phom/Projects/sensorPlatform/build/sensor_platform/install.log --single-version-externally-managed install_data
[0.895s] Level 1:colcon.colcon_core.environment:checking '/home/phom/Projects/sensorPlatform/install/sensor_platform' for CMake config files
[0.896s] Level 1:colcon.colcon_core.environment:checking '/home/phom/Projects/sensorPlatform/install/sensor_platform/lib'
[0.896s] Level 1:colcon.colcon_core.environment:checking '/home/phom/Projects/sensorPlatform/install/sensor_platform/bin'
[0.896s] Level 1:colcon.colcon_core.environment:checking '/home/phom/Projects/sensorPlatform/install/sensor_platform/lib/pkgconfig/sensor_platform.pc'
[0.896s] Level 1:colcon.colcon_core.environment:checking '/home/phom/Projects/sensorPlatform/install/sensor_platform/lib/python3.10/site-packages'
[0.896s] Level 1:colcon.colcon_core.shell:create_environment_hook('sensor_platform', 'pythonpath')
[0.896s] INFO:colcon.colcon_core.shell:Creating environment hook '/home/phom/Projects/sensorPlatform/install/sensor_platform/share/sensor_platform/hook/pythonpath.ps1'
[0.897s] INFO:colcon.colcon_core.shell:Creating environment descriptor '/home/phom/Projects/sensorPlatform/install/sensor_platform/share/sensor_platform/hook/pythonpath.dsv'
[0.897s] INFO:colcon.colcon_core.shell:Creating environment hook '/home/phom/Projects/sensorPlatform/install/sensor_platform/share/sensor_platform/hook/pythonpath.sh'
[0.898s] Level 1:colcon.colcon_core.environment:checking '/home/phom/Projects/sensorPlatform/install/sensor_platform/bin'
[0.898s] Level 1:colcon.colcon_core.environment:create_environment_scripts_only(sensor_platform)
[0.898s] INFO:colcon.colcon_core.shell:Creating package script '/home/phom/Projects/sensorPlatform/install/sensor_platform/share/sensor_platform/package.ps1'
[0.898s] INFO:colcon.colcon_core.shell:Creating package descriptor '/home/phom/Projects/sensorPlatform/install/sensor_platform/share/sensor_platform/package.dsv'
[0.899s] INFO:colcon.colcon_core.shell:Creating package script '/home/phom/Projects/sensorPlatform/install/sensor_platform/share/sensor_platform/package.sh'
[0.899s] INFO:colcon.colcon_core.shell:Creating package script '/home/phom/Projects/sensorPlatform/install/sensor_platform/share/sensor_platform/package.bash'
[0.899s] INFO:colcon.colcon_core.shell:Creating package script '/home/phom/Projects/sensorPlatform/install/sensor_platform/share/sensor_platform/package.zsh'
[0.899s] Level 1:colcon.colcon_core.environment:create_file_with_runtime_dependencies(/home/phom/Projects/sensorPlatform/install/sensor_platform/share/colcon-core/packages/sensor_platform)
[7.755s] DEBUG:colcon.colcon_core.event_handler.log_command:Invoked command in '/home/phom/Projects/sensorPlatform/build/unitree_lidar_ros2' returned '0': CMAKE_PREFIX_PATH=/opt/ros/humble DEBUGINFOD_URLS=https://debuginfod.archlinux.org /usr/bin/cmake --build /home/phom/Projects/sensorPlatform/build/unitree_lidar_ros2 -- -j12 -l12
[7.761s] DEBUG:colcon.colcon_core.event_handler.log_command:Invoking command in '/home/phom/Projects/sensorPlatform/build/unitree_lidar_ros2': CMAKE_PREFIX_PATH=/opt/ros/humble DEBUGINFOD_URLS=https://debuginfod.archlinux.org /usr/bin/cmake --install /home/phom/Projects/sensorPlatform/build/unitree_lidar_ros2
[7.768s] Level 1:colcon.colcon_core.environment:create_environment_scripts_only(unitree_lidar_ros2)
[7.768s] Level 1:colcon.colcon_core.environment:checking '/home/phom/Projects/sensorPlatform/install/unitree_lidar_ros2' for CMake module files
[7.768s] DEBUG:colcon.colcon_core.event_handler.log_command:Invoked command in '/home/phom/Projects/sensorPlatform/build/unitree_lidar_ros2' returned '0': CMAKE_PREFIX_PATH=/opt/ros/humble DEBUGINFOD_URLS=https://debuginfod.archlinux.org /usr/bin/cmake --install /home/phom/Projects/sensorPlatform/build/unitree_lidar_ros2
[7.768s] Level 1:colcon.colcon_core.environment:checking '/home/phom/Projects/sensorPlatform/install/unitree_lidar_ros2' for CMake config files
[7.769s] Level 1:colcon.colcon_core.shell:create_environment_hook('unitree_lidar_ros2', 'cmake_prefix_path')
[7.769s] INFO:colcon.colcon_core.shell:Creating environment hook '/home/phom/Projects/sensorPlatform/install/unitree_lidar_ros2/share/unitree_lidar_ros2/hook/cmake_prefix_path.ps1'
[7.769s] INFO:colcon.colcon_core.shell:Creating environment descriptor '/home/phom/Projects/sensorPlatform/install/unitree_lidar_ros2/share/unitree_lidar_ros2/hook/cmake_prefix_path.dsv'
[7.769s] INFO:colcon.colcon_core.shell:Creating environment hook '/home/phom/Projects/sensorPlatform/install/unitree_lidar_ros2/share/unitree_lidar_ros2/hook/cmake_prefix_path.sh'
[7.770s] Level 1:colcon.colcon_core.environment:checking '/home/phom/Projects/sensorPlatform/install/unitree_lidar_ros2/lib'
[7.770s] Level 1:colcon.colcon_core.environment:checking '/home/phom/Projects/sensorPlatform/install/unitree_lidar_ros2/bin'
[7.770s] Level 1:colcon.colcon_core.environment:checking '/home/phom/Projects/sensorPlatform/install/unitree_lidar_ros2/lib/pkgconfig/unitree_lidar_ros2.pc'
[7.770s] Level 1:colcon.colcon_core.environment:checking '/home/phom/Projects/sensorPlatform/install/unitree_lidar_ros2/lib/python3.10/site-packages'
[7.770s] Level 1:colcon.colcon_core.environment:checking '/home/phom/Projects/sensorPlatform/install/unitree_lidar_ros2/bin'
[7.770s] INFO:colcon.colcon_core.shell:Creating package script '/home/phom/Projects/sensorPlatform/install/unitree_lidar_ros2/share/unitree_lidar_ros2/package.ps1'
[7.771s] INFO:colcon.colcon_core.shell:Creating package descriptor '/home/phom/Projects/sensorPlatform/install/unitree_lidar_ros2/share/unitree_lidar_ros2/package.dsv'
[7.771s] INFO:colcon.colcon_core.shell:Creating package script '/home/phom/Projects/sensorPlatform/install/unitree_lidar_ros2/share/unitree_lidar_ros2/package.sh'
[7.771s] INFO:colcon.colcon_core.shell:Creating package script '/home/phom/Projects/sensorPlatform/install/unitree_lidar_ros2/share/unitree_lidar_ros2/package.bash'
[7.771s] INFO:colcon.colcon_core.shell:Creating package script '/home/phom/Projects/sensorPlatform/install/unitree_lidar_ros2/share/unitree_lidar_ros2/package.zsh'
[7.771s] Level 1:colcon.colcon_core.environment:create_file_with_runtime_dependencies(/home/phom/Projects/sensorPlatform/install/unitree_lidar_ros2/share/colcon-core/packages/unitree_lidar_ros2)
[7.771s] Level 1:colcon.colcon_core.environment:create_environment_scripts_only(unitree_lidar_ros2)
[7.771s] Level 1:colcon.colcon_core.environment:checking '/home/phom/Projects/sensorPlatform/install/unitree_lidar_ros2' for CMake module files
[7.772s] Level 1:colcon.colcon_core.environment:checking '/home/phom/Projects/sensorPlatform/install/unitree_lidar_ros2' for CMake config files
[7.772s] Level 1:colcon.colcon_core.shell:create_environment_hook('unitree_lidar_ros2', 'cmake_prefix_path')
[7.772s] INFO:colcon.colcon_core.shell:Creating environment hook '/home/phom/Projects/sensorPlatform/install/unitree_lidar_ros2/share/unitree_lidar_ros2/hook/cmake_prefix_path.ps1'
[7.772s] INFO:colcon.colcon_core.shell:Creating environment descriptor '/home/phom/Projects/sensorPlatform/install/unitree_lidar_ros2/share/unitree_lidar_ros2/hook/cmake_prefix_path.dsv'
[7.772s] INFO:colcon.colcon_core.shell:Creating environment hook '/home/phom/Projects/sensorPlatform/install/unitree_lidar_ros2/share/unitree_lidar_ros2/hook/cmake_prefix_path.sh'
[7.772s] Level 1:colcon.colcon_core.environment:checking '/home/phom/Projects/sensorPlatform/install/unitree_lidar_ros2/lib'
[7.772s] Level 1:colcon.colcon_core.environment:checking '/home/phom/Projects/sensorPlatform/install/unitree_lidar_ros2/bin'
[7.772s] Level 1:colcon.colcon_core.environment:checking '/home/phom/Projects/sensorPlatform/install/unitree_lidar_ros2/lib/pkgconfig/unitree_lidar_ros2.pc'
[7.772s] Level 1:colcon.colcon_core.environment:checking '/home/phom/Projects/sensorPlatform/install/unitree_lidar_ros2/lib/python3.10/site-packages'
[7.773s] Level 1:colcon.colcon_core.environment:checking '/home/phom/Projects/sensorPlatform/install/unitree_lidar_ros2/bin'
[7.773s] INFO:colcon.colcon_core.shell:Creating package script '/home/phom/Projects/sensorPlatform/install/unitree_lidar_ros2/share/unitree_lidar_ros2/package.ps1'
[7.773s] INFO:colcon.colcon_core.shell:Creating package descriptor '/home/phom/Projects/sensorPlatform/install/unitree_lidar_ros2/share/unitree_lidar_ros2/package.dsv'
[7.773s] INFO:colcon.colcon_core.shell:Creating package script '/home/phom/Projects/sensorPlatform/install/unitree_lidar_ros2/share/unitree_lidar_ros2/package.sh'
[7.773s] INFO:colcon.colcon_core.shell:Creating package script '/home/phom/Projects/sensorPlatform/install/unitree_lidar_ros2/share/unitree_lidar_ros2/package.bash'
[7.773s] INFO:colcon.colcon_core.shell:Creating package script '/home/phom/Projects/sensorPlatform/install/unitree_lidar_ros2/share/unitree_lidar_ros2/package.zsh'
[7.773s] Level 1:colcon.colcon_core.environment:create_file_with_runtime_dependencies(/home/phom/Projects/sensorPlatform/install/unitree_lidar_ros2/share/colcon-core/packages/unitree_lidar_ros2)
[7.774s] DEBUG:colcon.colcon_parallel_executor.executor.parallel:closing loop
[7.774s] DEBUG:colcon.colcon_parallel_executor.executor.parallel:loop closed
[7.774s] DEBUG:colcon.colcon_parallel_executor.executor.parallel:run_until_complete finished with '0'
[7.774s] DEBUG:colcon.colcon_core.event_reactor:joining thread
[7.781s] INFO:colcon.colcon_core.plugin_system:Skipping extension 'colcon_notification.desktop_notification.notify_send': Could not find 'notify-send'
[7.781s] INFO:colcon.colcon_core.plugin_system:Skipping extension 'colcon_notification.desktop_notification.terminal_notifier': Not used on non-Darwin systems
[7.781s] INFO:colcon.colcon_core.plugin_system:Skipping extension 'colcon_notification.desktop_notification.win32': Not used on non-Windows systems
[7.781s] INFO:colcon.colcon_notification.desktop_notification:Sending desktop notification using 'notify2'
[7.783s] DEBUG:colcon.colcon_core.event_reactor:joined thread
[7.783s] INFO:colcon.colcon_core.shell:Creating prefix script '/home/phom/Projects/sensorPlatform/install/local_setup.ps1'
[7.785s] INFO:colcon.colcon_core.shell:Creating prefix util module '/home/phom/Projects/sensorPlatform/install/_local_setup_util_ps1.py'
[7.786s] INFO:colcon.colcon_core.shell:Creating prefix chain script '/home/phom/Projects/sensorPlatform/install/setup.ps1'
[7.787s] INFO:colcon.colcon_core.shell:Creating prefix script '/home/phom/Projects/sensorPlatform/install/local_setup.sh'
[7.787s] INFO:colcon.colcon_core.shell:Creating prefix util module '/home/phom/Projects/sensorPlatform/install/_local_setup_util_sh.py'
[7.787s] INFO:colcon.colcon_core.shell:Creating prefix chain script '/home/phom/Projects/sensorPlatform/install/setup.sh'
[7.788s] INFO:colcon.colcon_core.shell:Creating prefix script '/home/phom/Projects/sensorPlatform/install/local_setup.bash'
[7.788s] INFO:colcon.colcon_core.shell:Creating prefix chain script '/home/phom/Projects/sensorPlatform/install/setup.bash'
[7.789s] INFO:colcon.colcon_core.shell:Creating prefix script '/home/phom/Projects/sensorPlatform/install/local_setup.zsh'
[7.789s] INFO:colcon.colcon_core.shell:Creating prefix chain script '/home/phom/Projects/sensorPlatform/install/setup.zsh'
