[0.213s] Invoking command in '/home/phom/Projects/sensorPlatform/build/unitree_lidar_sdk': DEBUGINFOD_URLS=https://debuginfod.archlinux.org /usr/bin/cmake /home/phom/Projects/sensorPlatform/src/unilidar_sdk2/unitree_lidar_sdk -DCMAKE_INSTALL_PREFIX=/home/phom/Projects/sensorPlatform/install/unitree_lidar_sdk
[0.289s] -- The C compiler identification is GNU 11.4.0
[0.332s] -- The CXX compiler identification is GNU 11.4.0
[0.343s] -- Detecting C compiler ABI info
[0.397s] -- Detecting C compiler ABI info - done
[0.402s] -- Check for working C compiler: /usr/bin/cc - skipped
[0.402s] -- Detecting C compile features
[0.402s] -- Detecting C compile features - done
[0.404s] -- Detecting CXX compiler ABI info
[0.473s] -- Detecting CXX compiler ABI info - done
[0.477s] -- Check for working CXX compiler: /usr/bin/c++ - skipped
[0.477s] -- Detecting CXX compile features
[0.477s] -- Detecting CXX compile features - done
[0.478s] -- Configuring done
[0.481s] -- Generating done
[0.482s] -- Build files have been written to: /home/phom/Projects/sensorPlatform/build/unitree_lidar_sdk
[0.485s] Invoked command in '/home/phom/Projects/sensorPlatform/build/unitree_lidar_sdk' returned '0': DEBUGINFOD_URLS=https://debuginfod.archlinux.org /usr/bin/cmake /home/phom/Projects/sensorPlatform/src/unilidar_sdk2/unitree_lidar_sdk -DCMAKE_INSTALL_PREFIX=/home/phom/Projects/sensorPlatform/install/unitree_lidar_sdk
[0.488s] Invoking command in '/home/phom/Projects/sensorPlatform/build/unitree_lidar_sdk': DEBUGINFOD_URLS=https://debuginfod.archlinux.org /usr/bin/cmake --build /home/phom/Projects/sensorPlatform/build/unitree_lidar_sdk -- -j12 -l12
[0.522s] [ 10%] [32mBuilding CXX object CMakeFiles/example_lidar_udp.dir/examples/example_lidar_udp.cpp.o[0m
[0.530s] [ 30%] [32mBuilding CXX object CMakeFiles/example_lidar_serial.dir/examples/example_lidar_serial.cpp.o[0m
[0.530s] [ 30%] [32mBuilding CXX object CMakeFiles/set_to_udp_mode.dir/examples/set_to_udp_mode.cpp.o[0m
[0.532s] [ 40%] [32mBuilding CXX object CMakeFiles/set_ip_address.dir/examples/set_ip_address.cpp.o[0m
[0.533s] [ 50%] [32mBuilding CXX object CMakeFiles/set_to_serial_mode.dir/examples/set_to_serial_mode.cpp.o[0m
[0.885s] [ 60%] [32m[1mLinking CXX executable /home/phom/Projects/sensorPlatform/src/unilidar_sdk2/unitree_lidar_sdk/bin/set_to_serial_mode[0m
[0.913s] [ 70%] [32m[1mLinking CXX executable /home/phom/Projects/sensorPlatform/src/unilidar_sdk2/unitree_lidar_sdk/bin/example_lidar_udp[0m
[0.934s] [ 80%] [32m[1mLinking CXX executable /home/phom/Projects/sensorPlatform/src/unilidar_sdk2/unitree_lidar_sdk/bin/set_to_udp_mode[0m
[0.961s] [ 80%] Built target example_lidar_udp
[0.978s] [ 80%] Built target set_to_serial_mode
[1.004s] [ 80%] Built target set_to_udp_mode
[1.026s] [ 90%] [32m[1mLinking CXX executable /home/phom/Projects/sensorPlatform/src/unilidar_sdk2/unitree_lidar_sdk/bin/example_lidar_serial[0m
[1.088s] [100%] [32m[1mLinking CXX executable /home/phom/Projects/sensorPlatform/src/unilidar_sdk2/unitree_lidar_sdk/bin/set_ip_address[0m
[1.094s] [100%] Built target example_lidar_serial
[1.143s] [100%] Built target set_ip_address
[1.149s] Invoked command in '/home/phom/Projects/sensorPlatform/build/unitree_lidar_sdk' returned '0': DEBUGINFOD_URLS=https://debuginfod.archlinux.org /usr/bin/cmake --build /home/phom/Projects/sensorPlatform/build/unitree_lidar_sdk -- -j12 -l12
