[0.213s] Invoking command in '/home/phom/Projects/sensorPlatform/build/unitree_lidar_ros2': CMAKE_PREFIX_PATH=/opt/ros/humble DEBUGINFOD_URLS=https://debuginfod.archlinux.org /usr/bin/cmake --build /home/phom/Projects/sensorPlatform/build/unitree_lidar_ros2 -- -j12 -l12
[0.260s] [ 50%] [32mBuilding CXX object CMakeFiles/unitree_lidar_ros2_node.dir/src/unitree_lidar_ros2_node.cpp.o[0m
[7.079s] [100%] [32m[1mLinking CXX executable unitree_lidar_ros2_node[0m
[7.429s] [100%] Built target unitree_lidar_ros2_node
[7.436s] Invoked command in '/home/phom/Projects/sensorPlatform/build/unitree_lidar_ros2' returned '0': CMAKE_PREFIX_PATH=/opt/ros/humble DEBUGINFOD_URLS=https://debuginfod.archlinux.org /usr/bin/cmake --build /home/phom/Projects/sensorPlatform/build/unitree_lidar_ros2 -- -j12 -l12
[7.441s] Invoking command in '/home/phom/Projects/sensorPlatform/build/unitree_lidar_ros2': CMAKE_PREFIX_PATH=/opt/ros/humble DEBUGINFOD_URLS=https://debuginfod.archlinux.org /usr/bin/cmake --install /home/phom/Projects/sensorPlatform/build/unitree_lidar_ros2
[7.445s] -- Install configuration: ""
[7.445s] -- Installing: /home/phom/Projects/sensorPlatform/install/unitree_lidar_ros2/lib/unitree_lidar_ros2/unitree_lidar_ros2_node
[7.446s] -- Set runtime path of "/home/phom/Projects/sensorPlatform/install/unitree_lidar_ros2/lib/unitree_lidar_ros2/unitree_lidar_ros2_node" to ""
[7.446s] -- Installing: /home/phom/Projects/sensorPlatform/install/unitree_lidar_ros2/share/unitree_lidar_ros2/view.rviz
[7.446s] -- Installing: /home/phom/Projects/sensorPlatform/install/unitree_lidar_ros2/share/unitree_lidar_ros2/launch.py
[7.446s] -- Installing: /home/phom/Projects/sensorPlatform/install/unitree_lidar_ros2/share/ament_index/resource_index/package_run_dependencies/unitree_lidar_ros2
[7.447s] -- Installing: /home/phom/Projects/sensorPlatform/install/unitree_lidar_ros2/share/ament_index/resource_index/parent_prefix_path/unitree_lidar_ros2
[7.447s] -- Installing: /home/phom/Projects/sensorPlatform/install/unitree_lidar_ros2/share/unitree_lidar_ros2/environment/ament_prefix_path.sh
[7.447s] -- Installing: /home/phom/Projects/sensorPlatform/install/unitree_lidar_ros2/share/unitree_lidar_ros2/environment/ament_prefix_path.dsv
[7.447s] -- Installing: /home/phom/Projects/sensorPlatform/install/unitree_lidar_ros2/share/unitree_lidar_ros2/environment/path.sh
[7.447s] -- Installing: /home/phom/Projects/sensorPlatform/install/unitree_lidar_ros2/share/unitree_lidar_ros2/environment/path.dsv
[7.447s] -- Installing: /home/phom/Projects/sensorPlatform/install/unitree_lidar_ros2/share/unitree_lidar_ros2/local_setup.bash
[7.447s] -- Installing: /home/phom/Projects/sensorPlatform/install/unitree_lidar_ros2/share/unitree_lidar_ros2/local_setup.sh
[7.447s] -- Installing: /home/phom/Projects/sensorPlatform/install/unitree_lidar_ros2/share/unitree_lidar_ros2/local_setup.zsh
[7.447s] -- Installing: /home/phom/Projects/sensorPlatform/install/unitree_lidar_ros2/share/unitree_lidar_ros2/local_setup.dsv
[7.447s] -- Installing: /home/phom/Projects/sensorPlatform/install/unitree_lidar_ros2/share/unitree_lidar_ros2/package.dsv
[7.447s] -- Installing: /home/phom/Projects/sensorPlatform/install/unitree_lidar_ros2/share/ament_index/resource_index/packages/unitree_lidar_ros2
[7.447s] -- Installing: /home/phom/Projects/sensorPlatform/install/unitree_lidar_ros2/share/unitree_lidar_ros2/cmake/unitree_lidar_ros2Config.cmake
[7.447s] -- Installing: /home/phom/Projects/sensorPlatform/install/unitree_lidar_ros2/share/unitree_lidar_ros2/cmake/unitree_lidar_ros2Config-version.cmake
[7.447s] -- Installing: /home/phom/Projects/sensorPlatform/install/unitree_lidar_ros2/share/unitree_lidar_ros2/package.xml
[7.449s] Invoked command in '/home/phom/Projects/sensorPlatform/build/unitree_lidar_ros2' returned '0': CMAKE_PREFIX_PATH=/opt/ros/humble DEBUGINFOD_URLS=https://debuginfod.archlinux.org /usr/bin/cmake --install /home/phom/Projects/sensorPlatform/build/unitree_lidar_ros2
